
*** Running vivado
    with args -log mb_usb_hdmi_top.vds -m64 -product Vivado -mode batch -messageDb vivado.pb -notrace -source mb_usb_hdmi_top.tcl



****** Vivado v2022.2 (64-bit)
  **** SW Build 3671981 on Fri Oct 14 05:00:03 MDT 2022
  **** IP Build 3669848 on Fri Oct 14 08:30:02 MDT 2022
    ** Copyright 1986-2022 Xilinx, Inc. All Rights Reserved.

source mb_usb_hdmi_top.tcl -notrace
INFO: [IP_Flow 19-234] Refreshing IP repositories
INFO: [IP_Flow 19-1700] Loaded user IP repository 'e:/ECE385/lab6_2.xpr/lab6_2/lab6_2.ipdefs/hdmi_tx_1.0'.
INFO: [IP_Flow 19-2313] Loaded Vivado IP repository 'E:/Vivado/2022.2/data/ip'.
Command: read_checkpoint -auto_incremental -incremental E:/ECE385/lab6_2.xpr/lab6_2/lab6_2.srcs/utils_1/imports/synth_1/mb_usb_hdmi_top.dcp
INFO: [Vivado 12-5825] Read reference checkpoint from E:/ECE385/lab6_2.xpr/lab6_2/lab6_2.srcs/utils_1/imports/synth_1/mb_usb_hdmi_top.dcp for incremental synthesis
INFO: [Vivado 12-7989] Please ensure there are no constraint changes
Command: synth_design -top mb_usb_hdmi_top -part xc7s50csga324-1
Starting synth_design
Attempting to get a license for feature 'Synthesis' and/or device 'xc7s50'
INFO: [Common 17-349] Got license for feature 'Synthesis' and/or device 'xc7s50'
INFO: [Device 21-403] Loading part xc7s50csga324-1
INFO: [Designutils 20-5440] No compile time benefit to using incremental synthesis; A full resynthesis will be run
INFO: [Designutils 20-4379] Flow is switching to default flow due to incremental criteria not met. If you would like to alter this behaviour and have the flow terminate instead, please set the following parameter config_implementation {autoIncr.Synth.RejectBehavior Terminate}
INFO: [Synth 8-7079] Multithreading enabled for synth_design using a maximum of 2 processes.
INFO: [Synth 8-7078] Launching helper process for spawning children vivado processes
INFO: [Synth 8-7075] Helper process launched with PID 16420
INFO: [Synth 8-11241] undeclared symbol 'REGCCE', assumed default net type 'wire' [E:/Vivado/2022.2/data/verilog/src/unimacro/BRAM_SINGLE_MACRO.v:2170]
---------------------------------------------------------------------------------
Starting RTL Elaboration : Time (s): cpu = 00:00:04 ; elapsed = 00:00:04 . Memory (MB): peak = 1216.988 ; gain = 408.906
---------------------------------------------------------------------------------
INFO: [Synth 8-6157] synthesizing module 'mb_usb_hdmi_top' [E:/ECE385/lab6_2.xpr/lab6_2/lab6_2.srcs/sources_1/imports/design_source/mb_usb_hdmi_top.sv:24]
INFO: [Synth 8-6157] synthesizing module 'block' [E:/ECE385/lab6_2.xpr/lab6_2/lab6_2.srcs/sources_1/new/block.sv:23]
	Parameter Block_X_Center bound to: 10'b0000010100 
	Parameter Block_Y_Center bound to: 10'b0000101000 
	Parameter Block_X_Min bound to: 10'b0000000000 
	Parameter Block_X_Max bound to: 10'b1001111111 
	Parameter BlockLen bound to: 10'b0000010011 
	Parameter BlockWidth bound to: 10'b0000001010 
INFO: [Synth 8-6155] done synthesizing module 'block' (0#1) [E:/ECE385/lab6_2.xpr/lab6_2/lab6_2.srcs/sources_1/new/block.sv:23]
INFO: [Synth 8-6157] synthesizing module 'block__parameterized0' [E:/ECE385/lab6_2.xpr/lab6_2/lab6_2.srcs/sources_1/new/block.sv:23]
	Parameter Block_X_Center bound to: 10'b0000111100 
	Parameter Block_Y_Center bound to: 10'b0000101000 
	Parameter Block_X_Min bound to: 10'b0000000000 
	Parameter Block_X_Max bound to: 10'b1001111111 
	Parameter BlockLen bound to: 10'b0000010011 
	Parameter BlockWidth bound to: 10'b0000001010 
INFO: [Synth 8-6155] done synthesizing module 'block__parameterized0' (0#1) [E:/ECE385/lab6_2.xpr/lab6_2/lab6_2.srcs/sources_1/new/block.sv:23]
INFO: [Synth 8-6157] synthesizing module 'block__parameterized1' [E:/ECE385/lab6_2.xpr/lab6_2/lab6_2.srcs/sources_1/new/block.sv:23]
	Parameter Block_X_Center bound to: 10'b0001100100 
	Parameter Block_Y_Center bound to: 10'b0000101000 
	Parameter Block_X_Min bound to: 10'b0000000000 
	Parameter Block_X_Max bound to: 10'b1001111111 
	Parameter BlockLen bound to: 10'b0000010011 
	Parameter BlockWidth bound to: 10'b0000001010 
INFO: [Synth 8-6155] done synthesizing module 'block__parameterized1' (0#1) [E:/ECE385/lab6_2.xpr/lab6_2/lab6_2.srcs/sources_1/new/block.sv:23]
INFO: [Synth 8-6157] synthesizing module 'block__parameterized2' [E:/ECE385/lab6_2.xpr/lab6_2/lab6_2.srcs/sources_1/new/block.sv:23]
	Parameter Block_X_Center bound to: 10'b0010001100 
	Parameter Block_Y_Center bound to: 10'b0000101000 
	Parameter Block_X_Min bound to: 10'b0000000000 
	Parameter Block_X_Max bound to: 10'b1001111111 
	Parameter BlockLen bound to: 10'b0000010011 
	Parameter BlockWidth bound to: 10'b0000001010 
INFO: [Synth 8-6155] done synthesizing module 'block__parameterized2' (0#1) [E:/ECE385/lab6_2.xpr/lab6_2/lab6_2.srcs/sources_1/new/block.sv:23]
INFO: [Synth 8-6157] synthesizing module 'block__parameterized3' [E:/ECE385/lab6_2.xpr/lab6_2/lab6_2.srcs/sources_1/new/block.sv:23]
	Parameter Block_X_Center bound to: 10'b0010110100 
	Parameter Block_Y_Center bound to: 10'b0000101000 
	Parameter Block_X_Min bound to: 10'b0000000000 
	Parameter Block_X_Max bound to: 10'b1001111111 
	Parameter BlockLen bound to: 10'b0000010011 
	Parameter BlockWidth bound to: 10'b0000001010 
INFO: [Synth 8-6155] done synthesizing module 'block__parameterized3' (0#1) [E:/ECE385/lab6_2.xpr/lab6_2/lab6_2.srcs/sources_1/new/block.sv:23]
INFO: [Synth 8-6157] synthesizing module 'block__parameterized4' [E:/ECE385/lab6_2.xpr/lab6_2/lab6_2.srcs/sources_1/new/block.sv:23]
	Parameter Block_X_Center bound to: 10'b0011011100 
	Parameter Block_Y_Center bound to: 10'b0000101000 
	Parameter Block_X_Min bound to: 10'b0000000000 
	Parameter Block_X_Max bound to: 10'b1001111111 
	Parameter BlockLen bound to: 10'b0000010011 
	Parameter BlockWidth bound to: 10'b0000001010 
INFO: [Synth 8-6155] done synthesizing module 'block__parameterized4' (0#1) [E:/ECE385/lab6_2.xpr/lab6_2/lab6_2.srcs/sources_1/new/block.sv:23]
INFO: [Synth 8-6157] synthesizing module 'block__parameterized5' [E:/ECE385/lab6_2.xpr/lab6_2/lab6_2.srcs/sources_1/new/block.sv:23]
	Parameter Block_X_Center bound to: 10'b0100000100 
	Parameter Block_Y_Center bound to: 10'b0000101000 
	Parameter Block_X_Min bound to: 10'b0000000000 
	Parameter Block_X_Max bound to: 10'b1001111111 
	Parameter BlockLen bound to: 10'b0000010011 
	Parameter BlockWidth bound to: 10'b0000001010 
INFO: [Synth 8-6155] done synthesizing module 'block__parameterized5' (0#1) [E:/ECE385/lab6_2.xpr/lab6_2/lab6_2.srcs/sources_1/new/block.sv:23]
INFO: [Synth 8-6157] synthesizing module 'block__parameterized6' [E:/ECE385/lab6_2.xpr/lab6_2/lab6_2.srcs/sources_1/new/block.sv:23]
	Parameter Block_X_Center bound to: 10'b0100101100 
	Parameter Block_Y_Center bound to: 10'b0000101000 
	Parameter Block_X_Min bound to: 10'b0000000000 
	Parameter Block_X_Max bound to: 10'b1001111111 
	Parameter BlockLen bound to: 10'b0000010011 
	Parameter BlockWidth bound to: 10'b0000001010 
INFO: [Synth 8-6155] done synthesizing module 'block__parameterized6' (0#1) [E:/ECE385/lab6_2.xpr/lab6_2/lab6_2.srcs/sources_1/new/block.sv:23]
INFO: [Synth 8-6157] synthesizing module 'block__parameterized7' [E:/ECE385/lab6_2.xpr/lab6_2/lab6_2.srcs/sources_1/new/block.sv:23]
	Parameter Block_X_Center bound to: 10'b0101010100 
	Parameter Block_Y_Center bound to: 10'b0000101000 
	Parameter Block_X_Min bound to: 10'b0000000000 
	Parameter Block_X_Max bound to: 10'b1001111111 
	Parameter BlockLen bound to: 10'b0000010011 
	Parameter BlockWidth bound to: 10'b0000001010 
INFO: [Synth 8-6155] done synthesizing module 'block__parameterized7' (0#1) [E:/ECE385/lab6_2.xpr/lab6_2/lab6_2.srcs/sources_1/new/block.sv:23]
INFO: [Synth 8-6157] synthesizing module 'block__parameterized8' [E:/ECE385/lab6_2.xpr/lab6_2/lab6_2.srcs/sources_1/new/block.sv:23]
	Parameter Block_X_Center bound to: 10'b0101111100 
	Parameter Block_Y_Center bound to: 10'b0000101000 
	Parameter Block_X_Min bound to: 10'b0000000000 
	Parameter Block_X_Max bound to: 10'b1001111111 
	Parameter BlockLen bound to: 10'b0000010011 
	Parameter BlockWidth bound to: 10'b0000001010 
INFO: [Synth 8-6155] done synthesizing module 'block__parameterized8' (0#1) [E:/ECE385/lab6_2.xpr/lab6_2/lab6_2.srcs/sources_1/new/block.sv:23]
INFO: [Synth 8-6157] synthesizing module 'block__parameterized9' [E:/ECE385/lab6_2.xpr/lab6_2/lab6_2.srcs/sources_1/new/block.sv:23]
	Parameter Block_X_Center bound to: 10'b0110100100 
	Parameter Block_Y_Center bound to: 10'b0000101000 
	Parameter Block_X_Min bound to: 10'b0000000000 
	Parameter Block_X_Max bound to: 10'b1001111111 
	Parameter BlockLen bound to: 10'b0000010011 
	Parameter BlockWidth bound to: 10'b0000001010 
INFO: [Synth 8-6155] done synthesizing module 'block__parameterized9' (0#1) [E:/ECE385/lab6_2.xpr/lab6_2/lab6_2.srcs/sources_1/new/block.sv:23]
INFO: [Synth 8-6157] synthesizing module 'block__parameterized10' [E:/ECE385/lab6_2.xpr/lab6_2/lab6_2.srcs/sources_1/new/block.sv:23]
	Parameter Block_X_Center bound to: 10'b0111001100 
	Parameter Block_Y_Center bound to: 10'b0000101000 
	Parameter Block_X_Min bound to: 10'b0000000000 
	Parameter Block_X_Max bound to: 10'b1001111111 
	Parameter BlockLen bound to: 10'b0000010011 
	Parameter BlockWidth bound to: 10'b0000001010 
INFO: [Synth 8-6155] done synthesizing module 'block__parameterized10' (0#1) [E:/ECE385/lab6_2.xpr/lab6_2/lab6_2.srcs/sources_1/new/block.sv:23]
INFO: [Synth 8-6157] synthesizing module 'block__parameterized11' [E:/ECE385/lab6_2.xpr/lab6_2/lab6_2.srcs/sources_1/new/block.sv:23]
	Parameter Block_X_Center bound to: 10'b0111110100 
	Parameter Block_Y_Center bound to: 10'b0000101000 
	Parameter Block_X_Min bound to: 10'b0000000000 
	Parameter Block_X_Max bound to: 10'b1001111111 
	Parameter BlockLen bound to: 10'b0000010011 
	Parameter BlockWidth bound to: 10'b0000001010 
INFO: [Synth 8-6155] done synthesizing module 'block__parameterized11' (0#1) [E:/ECE385/lab6_2.xpr/lab6_2/lab6_2.srcs/sources_1/new/block.sv:23]
INFO: [Synth 8-6157] synthesizing module 'block__parameterized12' [E:/ECE385/lab6_2.xpr/lab6_2/lab6_2.srcs/sources_1/new/block.sv:23]
	Parameter Block_X_Center bound to: 10'b1000011100 
	Parameter Block_Y_Center bound to: 10'b0000101000 
	Parameter Block_X_Min bound to: 10'b0000000000 
	Parameter Block_X_Max bound to: 10'b1001111111 
	Parameter BlockLen bound to: 10'b0000010011 
	Parameter BlockWidth bound to: 10'b0000001010 
INFO: [Synth 8-6155] done synthesizing module 'block__parameterized12' (0#1) [E:/ECE385/lab6_2.xpr/lab6_2/lab6_2.srcs/sources_1/new/block.sv:23]
INFO: [Synth 8-6157] synthesizing module 'block__parameterized13' [E:/ECE385/lab6_2.xpr/lab6_2/lab6_2.srcs/sources_1/new/block.sv:23]
	Parameter Block_X_Center bound to: 10'b1001000100 
	Parameter Block_Y_Center bound to: 10'b0000101000 
	Parameter Block_X_Min bound to: 10'b0000000000 
	Parameter Block_X_Max bound to: 10'b1001111111 
	Parameter BlockLen bound to: 10'b0000010011 
	Parameter BlockWidth bound to: 10'b0000001010 
INFO: [Synth 8-6155] done synthesizing module 'block__parameterized13' (0#1) [E:/ECE385/lab6_2.xpr/lab6_2/lab6_2.srcs/sources_1/new/block.sv:23]
INFO: [Synth 8-6157] synthesizing module 'block__parameterized14' [E:/ECE385/lab6_2.xpr/lab6_2/lab6_2.srcs/sources_1/new/block.sv:23]
	Parameter Block_X_Center bound to: 10'b1001101100 
	Parameter Block_Y_Center bound to: 10'b0000101000 
	Parameter Block_X_Min bound to: 10'b0000000000 
	Parameter Block_X_Max bound to: 10'b1001111111 
	Parameter BlockLen bound to: 10'b0000010011 
	Parameter BlockWidth bound to: 10'b0000001010 
INFO: [Synth 8-6155] done synthesizing module 'block__parameterized14' (0#1) [E:/ECE385/lab6_2.xpr/lab6_2/lab6_2.srcs/sources_1/new/block.sv:23]
INFO: [Synth 8-6157] synthesizing module 'block__parameterized15' [E:/ECE385/lab6_2.xpr/lab6_2/lab6_2.srcs/sources_1/new/block.sv:23]
	Parameter Block_X_Center bound to: 10'b0000010100 
	Parameter Block_Y_Center bound to: 10'b0000111110 
	Parameter Block_X_Min bound to: 10'b0000000000 
	Parameter Block_X_Max bound to: 10'b1001111111 
	Parameter BlockLen bound to: 10'b0000010011 
	Parameter BlockWidth bound to: 10'b0000001010 
INFO: [Synth 8-6155] done synthesizing module 'block__parameterized15' (0#1) [E:/ECE385/lab6_2.xpr/lab6_2/lab6_2.srcs/sources_1/new/block.sv:23]
INFO: [Synth 8-6157] synthesizing module 'block__parameterized16' [E:/ECE385/lab6_2.xpr/lab6_2/lab6_2.srcs/sources_1/new/block.sv:23]
	Parameter Block_X_Center bound to: 10'b0000111100 
	Parameter Block_Y_Center bound to: 10'b0000111110 
	Parameter Block_X_Min bound to: 10'b0000000000 
	Parameter Block_X_Max bound to: 10'b1001111111 
	Parameter BlockLen bound to: 10'b0000010011 
	Parameter BlockWidth bound to: 10'b0000001010 
INFO: [Synth 8-6155] done synthesizing module 'block__parameterized16' (0#1) [E:/ECE385/lab6_2.xpr/lab6_2/lab6_2.srcs/sources_1/new/block.sv:23]
INFO: [Synth 8-6157] synthesizing module 'block__parameterized17' [E:/ECE385/lab6_2.xpr/lab6_2/lab6_2.srcs/sources_1/new/block.sv:23]
	Parameter Block_X_Center bound to: 10'b0001100100 
	Parameter Block_Y_Center bound to: 10'b0000111110 
	Parameter Block_X_Min bound to: 10'b0000000000 
	Parameter Block_X_Max bound to: 10'b1001111111 
	Parameter BlockLen bound to: 10'b0000010011 
	Parameter BlockWidth bound to: 10'b0000001010 
INFO: [Synth 8-6155] done synthesizing module 'block__parameterized17' (0#1) [E:/ECE385/lab6_2.xpr/lab6_2/lab6_2.srcs/sources_1/new/block.sv:23]
INFO: [Synth 8-6157] synthesizing module 'block__parameterized18' [E:/ECE385/lab6_2.xpr/lab6_2/lab6_2.srcs/sources_1/new/block.sv:23]
	Parameter Block_X_Center bound to: 10'b0010001100 
	Parameter Block_Y_Center bound to: 10'b0000111110 
	Parameter Block_X_Min bound to: 10'b0000000000 
	Parameter Block_X_Max bound to: 10'b1001111111 
	Parameter BlockLen bound to: 10'b0000010011 
	Parameter BlockWidth bound to: 10'b0000001010 
INFO: [Synth 8-6155] done synthesizing module 'block__parameterized18' (0#1) [E:/ECE385/lab6_2.xpr/lab6_2/lab6_2.srcs/sources_1/new/block.sv:23]
INFO: [Synth 8-6157] synthesizing module 'block__parameterized19' [E:/ECE385/lab6_2.xpr/lab6_2/lab6_2.srcs/sources_1/new/block.sv:23]
	Parameter Block_X_Center bound to: 10'b0010110100 
	Parameter Block_Y_Center bound to: 10'b0000111110 
	Parameter Block_X_Min bound to: 10'b0000000000 
	Parameter Block_X_Max bound to: 10'b1001111111 
	Parameter BlockLen bound to: 10'b0000010011 
	Parameter BlockWidth bound to: 10'b0000001010 
INFO: [Synth 8-6155] done synthesizing module 'block__parameterized19' (0#1) [E:/ECE385/lab6_2.xpr/lab6_2/lab6_2.srcs/sources_1/new/block.sv:23]
INFO: [Synth 8-6157] synthesizing module 'block__parameterized20' [E:/ECE385/lab6_2.xpr/lab6_2/lab6_2.srcs/sources_1/new/block.sv:23]
	Parameter Block_X_Center bound to: 10'b0011011100 
	Parameter Block_Y_Center bound to: 10'b0000111110 
	Parameter Block_X_Min bound to: 10'b0000000000 
	Parameter Block_X_Max bound to: 10'b1001111111 
	Parameter BlockLen bound to: 10'b0000010011 
	Parameter BlockWidth bound to: 10'b0000001010 
INFO: [Synth 8-6155] done synthesizing module 'block__parameterized20' (0#1) [E:/ECE385/lab6_2.xpr/lab6_2/lab6_2.srcs/sources_1/new/block.sv:23]
INFO: [Synth 8-6157] synthesizing module 'block__parameterized21' [E:/ECE385/lab6_2.xpr/lab6_2/lab6_2.srcs/sources_1/new/block.sv:23]
	Parameter Block_X_Center bound to: 10'b0100000100 
	Parameter Block_Y_Center bound to: 10'b0000111110 
	Parameter Block_X_Min bound to: 10'b0000000000 
	Parameter Block_X_Max bound to: 10'b1001111111 
	Parameter BlockLen bound to: 10'b0000010011 
	Parameter BlockWidth bound to: 10'b0000001010 
INFO: [Synth 8-6155] done synthesizing module 'block__parameterized21' (0#1) [E:/ECE385/lab6_2.xpr/lab6_2/lab6_2.srcs/sources_1/new/block.sv:23]
INFO: [Synth 8-6157] synthesizing module 'block__parameterized22' [E:/ECE385/lab6_2.xpr/lab6_2/lab6_2.srcs/sources_1/new/block.sv:23]
	Parameter Block_X_Center bound to: 10'b0100101100 
	Parameter Block_Y_Center bound to: 10'b0000111110 
	Parameter Block_X_Min bound to: 10'b0000000000 
	Parameter Block_X_Max bound to: 10'b1001111111 
	Parameter BlockLen bound to: 10'b0000010011 
	Parameter BlockWidth bound to: 10'b0000001010 
INFO: [Synth 8-6155] done synthesizing module 'block__parameterized22' (0#1) [E:/ECE385/lab6_2.xpr/lab6_2/lab6_2.srcs/sources_1/new/block.sv:23]
INFO: [Synth 8-6157] synthesizing module 'block__parameterized23' [E:/ECE385/lab6_2.xpr/lab6_2/lab6_2.srcs/sources_1/new/block.sv:23]
	Parameter Block_X_Center bound to: 10'b0101010100 
	Parameter Block_Y_Center bound to: 10'b0000111110 
	Parameter Block_X_Min bound to: 10'b0000000000 
	Parameter Block_X_Max bound to: 10'b1001111111 
	Parameter BlockLen bound to: 10'b0000010011 
	Parameter BlockWidth bound to: 10'b0000001010 
INFO: [Synth 8-6155] done synthesizing module 'block__parameterized23' (0#1) [E:/ECE385/lab6_2.xpr/lab6_2/lab6_2.srcs/sources_1/new/block.sv:23]
INFO: [Synth 8-6157] synthesizing module 'block__parameterized24' [E:/ECE385/lab6_2.xpr/lab6_2/lab6_2.srcs/sources_1/new/block.sv:23]
	Parameter Block_X_Center bound to: 10'b0101111100 
	Parameter Block_Y_Center bound to: 10'b0000111110 
	Parameter Block_X_Min bound to: 10'b0000000000 
	Parameter Block_X_Max bound to: 10'b1001111111 
	Parameter BlockLen bound to: 10'b0000010011 
	Parameter BlockWidth bound to: 10'b0000001010 
INFO: [Synth 8-6155] done synthesizing module 'block__parameterized24' (0#1) [E:/ECE385/lab6_2.xpr/lab6_2/lab6_2.srcs/sources_1/new/block.sv:23]
INFO: [Synth 8-6157] synthesizing module 'block__parameterized25' [E:/ECE385/lab6_2.xpr/lab6_2/lab6_2.srcs/sources_1/new/block.sv:23]
	Parameter Block_X_Center bound to: 10'b0110100100 
	Parameter Block_Y_Center bound to: 10'b0000111110 
	Parameter Block_X_Min bound to: 10'b0000000000 
	Parameter Block_X_Max bound to: 10'b1001111111 
	Parameter BlockLen bound to: 10'b0000010011 
	Parameter BlockWidth bound to: 10'b0000001010 
INFO: [Synth 8-6155] done synthesizing module 'block__parameterized25' (0#1) [E:/ECE385/lab6_2.xpr/lab6_2/lab6_2.srcs/sources_1/new/block.sv:23]
INFO: [Synth 8-6157] synthesizing module 'block__parameterized26' [E:/ECE385/lab6_2.xpr/lab6_2/lab6_2.srcs/sources_1/new/block.sv:23]
	Parameter Block_X_Center bound to: 10'b0111001100 
	Parameter Block_Y_Center bound to: 10'b0000111110 
	Parameter Block_X_Min bound to: 10'b0000000000 
	Parameter Block_X_Max bound to: 10'b1001111111 
	Parameter BlockLen bound to: 10'b0000010011 
	Parameter BlockWidth bound to: 10'b0000001010 
INFO: [Synth 8-6155] done synthesizing module 'block__parameterized26' (0#1) [E:/ECE385/lab6_2.xpr/lab6_2/lab6_2.srcs/sources_1/new/block.sv:23]
INFO: [Synth 8-6157] synthesizing module 'block__parameterized27' [E:/ECE385/lab6_2.xpr/lab6_2/lab6_2.srcs/sources_1/new/block.sv:23]
	Parameter Block_X_Center bound to: 10'b0111110100 
	Parameter Block_Y_Center bound to: 10'b0000111110 
	Parameter Block_X_Min bound to: 10'b0000000000 
	Parameter Block_X_Max bound to: 10'b1001111111 
	Parameter BlockLen bound to: 10'b0000010011 
	Parameter BlockWidth bound to: 10'b0000001010 
INFO: [Synth 8-6155] done synthesizing module 'block__parameterized27' (0#1) [E:/ECE385/lab6_2.xpr/lab6_2/lab6_2.srcs/sources_1/new/block.sv:23]
INFO: [Synth 8-6157] synthesizing module 'block__parameterized28' [E:/ECE385/lab6_2.xpr/lab6_2/lab6_2.srcs/sources_1/new/block.sv:23]
	Parameter Block_X_Center bound to: 10'b1000011100 
	Parameter Block_Y_Center bound to: 10'b0000111110 
	Parameter Block_X_Min bound to: 10'b0000000000 
	Parameter Block_X_Max bound to: 10'b1001111111 
	Parameter BlockLen bound to: 10'b0000010011 
	Parameter BlockWidth bound to: 10'b0000001010 
INFO: [Synth 8-6155] done synthesizing module 'block__parameterized28' (0#1) [E:/ECE385/lab6_2.xpr/lab6_2/lab6_2.srcs/sources_1/new/block.sv:23]
INFO: [Synth 8-6157] synthesizing module 'block__parameterized29' [E:/ECE385/lab6_2.xpr/lab6_2/lab6_2.srcs/sources_1/new/block.sv:23]
	Parameter Block_X_Center bound to: 10'b1001000100 
	Parameter Block_Y_Center bound to: 10'b0000111110 
	Parameter Block_X_Min bound to: 10'b0000000000 
	Parameter Block_X_Max bound to: 10'b1001111111 
	Parameter BlockLen bound to: 10'b0000010011 
	Parameter BlockWidth bound to: 10'b0000001010 
INFO: [Synth 8-6155] done synthesizing module 'block__parameterized29' (0#1) [E:/ECE385/lab6_2.xpr/lab6_2/lab6_2.srcs/sources_1/new/block.sv:23]
INFO: [Synth 8-6157] synthesizing module 'block__parameterized30' [E:/ECE385/lab6_2.xpr/lab6_2/lab6_2.srcs/sources_1/new/block.sv:23]
	Parameter Block_X_Center bound to: 10'b1001101100 
	Parameter Block_Y_Center bound to: 10'b0000111110 
	Parameter Block_X_Min bound to: 10'b0000000000 
	Parameter Block_X_Max bound to: 10'b1001111111 
	Parameter BlockLen bound to: 10'b0000010011 
	Parameter BlockWidth bound to: 10'b0000001010 
INFO: [Synth 8-6155] done synthesizing module 'block__parameterized30' (0#1) [E:/ECE385/lab6_2.xpr/lab6_2/lab6_2.srcs/sources_1/new/block.sv:23]
INFO: [Synth 8-6157] synthesizing module 'block__parameterized31' [E:/ECE385/lab6_2.xpr/lab6_2/lab6_2.srcs/sources_1/new/block.sv:23]
	Parameter Block_X_Center bound to: 10'b0000010100 
	Parameter Block_Y_Center bound to: 10'b0001010100 
	Parameter Block_X_Min bound to: 10'b0000000000 
	Parameter Block_X_Max bound to: 10'b1001111111 
	Parameter BlockLen bound to: 10'b0000010011 
	Parameter BlockWidth bound to: 10'b0000001010 
INFO: [Synth 8-6155] done synthesizing module 'block__parameterized31' (0#1) [E:/ECE385/lab6_2.xpr/lab6_2/lab6_2.srcs/sources_1/new/block.sv:23]
INFO: [Synth 8-6157] synthesizing module 'block__parameterized32' [E:/ECE385/lab6_2.xpr/lab6_2/lab6_2.srcs/sources_1/new/block.sv:23]
	Parameter Block_X_Center bound to: 10'b0000111100 
	Parameter Block_Y_Center bound to: 10'b0001010100 
	Parameter Block_X_Min bound to: 10'b0000000000 
	Parameter Block_X_Max bound to: 10'b1001111111 
	Parameter BlockLen bound to: 10'b0000010011 
	Parameter BlockWidth bound to: 10'b0000001010 
INFO: [Synth 8-6155] done synthesizing module 'block__parameterized32' (0#1) [E:/ECE385/lab6_2.xpr/lab6_2/lab6_2.srcs/sources_1/new/block.sv:23]
INFO: [Synth 8-6157] synthesizing module 'block__parameterized33' [E:/ECE385/lab6_2.xpr/lab6_2/lab6_2.srcs/sources_1/new/block.sv:23]
	Parameter Block_X_Center bound to: 10'b0001100100 
	Parameter Block_Y_Center bound to: 10'b0001010100 
	Parameter Block_X_Min bound to: 10'b0000000000 
	Parameter Block_X_Max bound to: 10'b1001111111 
	Parameter BlockLen bound to: 10'b0000010011 
	Parameter BlockWidth bound to: 10'b0000001010 
INFO: [Synth 8-6155] done synthesizing module 'block__parameterized33' (0#1) [E:/ECE385/lab6_2.xpr/lab6_2/lab6_2.srcs/sources_1/new/block.sv:23]
INFO: [Synth 8-6157] synthesizing module 'block__parameterized34' [E:/ECE385/lab6_2.xpr/lab6_2/lab6_2.srcs/sources_1/new/block.sv:23]
	Parameter Block_X_Center bound to: 10'b0010001100 
	Parameter Block_Y_Center bound to: 10'b0001010100 
	Parameter Block_X_Min bound to: 10'b0000000000 
	Parameter Block_X_Max bound to: 10'b1001111111 
	Parameter BlockLen bound to: 10'b0000010011 
	Parameter BlockWidth bound to: 10'b0000001010 
INFO: [Synth 8-6155] done synthesizing module 'block__parameterized34' (0#1) [E:/ECE385/lab6_2.xpr/lab6_2/lab6_2.srcs/sources_1/new/block.sv:23]
INFO: [Synth 8-6157] synthesizing module 'block__parameterized35' [E:/ECE385/lab6_2.xpr/lab6_2/lab6_2.srcs/sources_1/new/block.sv:23]
	Parameter Block_X_Center bound to: 10'b0010110100 
	Parameter Block_Y_Center bound to: 10'b0001010100 
	Parameter Block_X_Min bound to: 10'b0000000000 
	Parameter Block_X_Max bound to: 10'b1001111111 
	Parameter BlockLen bound to: 10'b0000010011 
	Parameter BlockWidth bound to: 10'b0000001010 
INFO: [Synth 8-6155] done synthesizing module 'block__parameterized35' (0#1) [E:/ECE385/lab6_2.xpr/lab6_2/lab6_2.srcs/sources_1/new/block.sv:23]
INFO: [Synth 8-6157] synthesizing module 'block__parameterized36' [E:/ECE385/lab6_2.xpr/lab6_2/lab6_2.srcs/sources_1/new/block.sv:23]
	Parameter Block_X_Center bound to: 10'b0011011100 
	Parameter Block_Y_Center bound to: 10'b0001010100 
	Parameter Block_X_Min bound to: 10'b0000000000 
	Parameter Block_X_Max bound to: 10'b1001111111 
	Parameter BlockLen bound to: 10'b0000010011 
	Parameter BlockWidth bound to: 10'b0000001010 
INFO: [Synth 8-6155] done synthesizing module 'block__parameterized36' (0#1) [E:/ECE385/lab6_2.xpr/lab6_2/lab6_2.srcs/sources_1/new/block.sv:23]
INFO: [Synth 8-6157] synthesizing module 'block__parameterized37' [E:/ECE385/lab6_2.xpr/lab6_2/lab6_2.srcs/sources_1/new/block.sv:23]
	Parameter Block_X_Center bound to: 10'b0100000100 
	Parameter Block_Y_Center bound to: 10'b0001010100 
	Parameter Block_X_Min bound to: 10'b0000000000 
	Parameter Block_X_Max bound to: 10'b1001111111 
	Parameter BlockLen bound to: 10'b0000010011 
	Parameter BlockWidth bound to: 10'b0000001010 
INFO: [Synth 8-6155] done synthesizing module 'block__parameterized37' (0#1) [E:/ECE385/lab6_2.xpr/lab6_2/lab6_2.srcs/sources_1/new/block.sv:23]
INFO: [Synth 8-6157] synthesizing module 'block__parameterized38' [E:/ECE385/lab6_2.xpr/lab6_2/lab6_2.srcs/sources_1/new/block.sv:23]
	Parameter Block_X_Center bound to: 10'b0100101100 
	Parameter Block_Y_Center bound to: 10'b0001010100 
	Parameter Block_X_Min bound to: 10'b0000000000 
	Parameter Block_X_Max bound to: 10'b1001111111 
	Parameter BlockLen bound to: 10'b0000010011 
	Parameter BlockWidth bound to: 10'b0000001010 
INFO: [Synth 8-6155] done synthesizing module 'block__parameterized38' (0#1) [E:/ECE385/lab6_2.xpr/lab6_2/lab6_2.srcs/sources_1/new/block.sv:23]
INFO: [Synth 8-6157] synthesizing module 'block__parameterized39' [E:/ECE385/lab6_2.xpr/lab6_2/lab6_2.srcs/sources_1/new/block.sv:23]
	Parameter Block_X_Center bound to: 10'b0101010100 
	Parameter Block_Y_Center bound to: 10'b0001010100 
	Parameter Block_X_Min bound to: 10'b0000000000 
	Parameter Block_X_Max bound to: 10'b1001111111 
	Parameter BlockLen bound to: 10'b0000010011 
	Parameter BlockWidth bound to: 10'b0000001010 
INFO: [Synth 8-6155] done synthesizing module 'block__parameterized39' (0#1) [E:/ECE385/lab6_2.xpr/lab6_2/lab6_2.srcs/sources_1/new/block.sv:23]
INFO: [Synth 8-6157] synthesizing module 'block__parameterized40' [E:/ECE385/lab6_2.xpr/lab6_2/lab6_2.srcs/sources_1/new/block.sv:23]
	Parameter Block_X_Center bound to: 10'b0101111100 
	Parameter Block_Y_Center bound to: 10'b0001010100 
	Parameter Block_X_Min bound to: 10'b0000000000 
	Parameter Block_X_Max bound to: 10'b1001111111 
	Parameter BlockLen bound to: 10'b0000010011 
	Parameter BlockWidth bound to: 10'b0000001010 
INFO: [Synth 8-6155] done synthesizing module 'block__parameterized40' (0#1) [E:/ECE385/lab6_2.xpr/lab6_2/lab6_2.srcs/sources_1/new/block.sv:23]
INFO: [Synth 8-6157] synthesizing module 'block__parameterized41' [E:/ECE385/lab6_2.xpr/lab6_2/lab6_2.srcs/sources_1/new/block.sv:23]
	Parameter Block_X_Center bound to: 10'b0110100100 
	Parameter Block_Y_Center bound to: 10'b0001010100 
	Parameter Block_X_Min bound to: 10'b0000000000 
	Parameter Block_X_Max bound to: 10'b1001111111 
	Parameter BlockLen bound to: 10'b0000010011 
	Parameter BlockWidth bound to: 10'b0000001010 
INFO: [Synth 8-6155] done synthesizing module 'block__parameterized41' (0#1) [E:/ECE385/lab6_2.xpr/lab6_2/lab6_2.srcs/sources_1/new/block.sv:23]
INFO: [Synth 8-6157] synthesizing module 'block__parameterized42' [E:/ECE385/lab6_2.xpr/lab6_2/lab6_2.srcs/sources_1/new/block.sv:23]
	Parameter Block_X_Center bound to: 10'b0111001100 
	Parameter Block_Y_Center bound to: 10'b0001010100 
	Parameter Block_X_Min bound to: 10'b0000000000 
	Parameter Block_X_Max bound to: 10'b1001111111 
	Parameter BlockLen bound to: 10'b0000010011 
	Parameter BlockWidth bound to: 10'b0000001010 
INFO: [Synth 8-6155] done synthesizing module 'block__parameterized42' (0#1) [E:/ECE385/lab6_2.xpr/lab6_2/lab6_2.srcs/sources_1/new/block.sv:23]
INFO: [Synth 8-6157] synthesizing module 'block__parameterized43' [E:/ECE385/lab6_2.xpr/lab6_2/lab6_2.srcs/sources_1/new/block.sv:23]
	Parameter Block_X_Center bound to: 10'b0111110100 
	Parameter Block_Y_Center bound to: 10'b0001010100 
	Parameter Block_X_Min bound to: 10'b0000000000 
	Parameter Block_X_Max bound to: 10'b1001111111 
	Parameter BlockLen bound to: 10'b0000010011 
	Parameter BlockWidth bound to: 10'b0000001010 
INFO: [Synth 8-6155] done synthesizing module 'block__parameterized43' (0#1) [E:/ECE385/lab6_2.xpr/lab6_2/lab6_2.srcs/sources_1/new/block.sv:23]
INFO: [Synth 8-6157] synthesizing module 'block__parameterized44' [E:/ECE385/lab6_2.xpr/lab6_2/lab6_2.srcs/sources_1/new/block.sv:23]
	Parameter Block_X_Center bound to: 10'b1000011100 
	Parameter Block_Y_Center bound to: 10'b0001010100 
	Parameter Block_X_Min bound to: 10'b0000000000 
	Parameter Block_X_Max bound to: 10'b1001111111 
	Parameter BlockLen bound to: 10'b0000010011 
	Parameter BlockWidth bound to: 10'b0000001010 
INFO: [Synth 8-6155] done synthesizing module 'block__parameterized44' (0#1) [E:/ECE385/lab6_2.xpr/lab6_2/lab6_2.srcs/sources_1/new/block.sv:23]
INFO: [Synth 8-6157] synthesizing module 'block__parameterized45' [E:/ECE385/lab6_2.xpr/lab6_2/lab6_2.srcs/sources_1/new/block.sv:23]
	Parameter Block_X_Center bound to: 10'b1001000100 
	Parameter Block_Y_Center bound to: 10'b0001010100 
	Parameter Block_X_Min bound to: 10'b0000000000 
	Parameter Block_X_Max bound to: 10'b1001111111 
	Parameter BlockLen bound to: 10'b0000010011 
	Parameter BlockWidth bound to: 10'b0000001010 
INFO: [Synth 8-6155] done synthesizing module 'block__parameterized45' (0#1) [E:/ECE385/lab6_2.xpr/lab6_2/lab6_2.srcs/sources_1/new/block.sv:23]
INFO: [Synth 8-6157] synthesizing module 'block__parameterized46' [E:/ECE385/lab6_2.xpr/lab6_2/lab6_2.srcs/sources_1/new/block.sv:23]
	Parameter Block_X_Center bound to: 10'b1001101100 
	Parameter Block_Y_Center bound to: 10'b0001010100 
	Parameter Block_X_Min bound to: 10'b0000000000 
	Parameter Block_X_Max bound to: 10'b1001111111 
	Parameter BlockLen bound to: 10'b0000010011 
	Parameter BlockWidth bound to: 10'b0000001010 
INFO: [Synth 8-6155] done synthesizing module 'block__parameterized46' (0#1) [E:/ECE385/lab6_2.xpr/lab6_2/lab6_2.srcs/sources_1/new/block.sv:23]
INFO: [Synth 8-6157] synthesizing module 'block__parameterized47' [E:/ECE385/lab6_2.xpr/lab6_2/lab6_2.srcs/sources_1/new/block.sv:23]
	Parameter Block_X_Center bound to: 10'b0000010100 
	Parameter Block_Y_Center bound to: 10'b0001101010 
	Parameter Block_X_Min bound to: 10'b0000000000 
	Parameter Block_X_Max bound to: 10'b1001111111 
	Parameter BlockLen bound to: 10'b0000010011 
	Parameter BlockWidth bound to: 10'b0000001010 
INFO: [Synth 8-6155] done synthesizing module 'block__parameterized47' (0#1) [E:/ECE385/lab6_2.xpr/lab6_2/lab6_2.srcs/sources_1/new/block.sv:23]
INFO: [Synth 8-6157] synthesizing module 'block__parameterized48' [E:/ECE385/lab6_2.xpr/lab6_2/lab6_2.srcs/sources_1/new/block.sv:23]
	Parameter Block_X_Center bound to: 10'b0000111100 
	Parameter Block_Y_Center bound to: 10'b0001101010 
	Parameter Block_X_Min bound to: 10'b0000000000 
	Parameter Block_X_Max bound to: 10'b1001111111 
	Parameter BlockLen bound to: 10'b0000010011 
	Parameter BlockWidth bound to: 10'b0000001010 
INFO: [Synth 8-6155] done synthesizing module 'block__parameterized48' (0#1) [E:/ECE385/lab6_2.xpr/lab6_2/lab6_2.srcs/sources_1/new/block.sv:23]
INFO: [Synth 8-6157] synthesizing module 'block__parameterized49' [E:/ECE385/lab6_2.xpr/lab6_2/lab6_2.srcs/sources_1/new/block.sv:23]
	Parameter Block_X_Center bound to: 10'b0001100100 
	Parameter Block_Y_Center bound to: 10'b0001101010 
	Parameter Block_X_Min bound to: 10'b0000000000 
	Parameter Block_X_Max bound to: 10'b1001111111 
	Parameter BlockLen bound to: 10'b0000010011 
	Parameter BlockWidth bound to: 10'b0000001010 
INFO: [Synth 8-6155] done synthesizing module 'block__parameterized49' (0#1) [E:/ECE385/lab6_2.xpr/lab6_2/lab6_2.srcs/sources_1/new/block.sv:23]
INFO: [Synth 8-6157] synthesizing module 'block__parameterized50' [E:/ECE385/lab6_2.xpr/lab6_2/lab6_2.srcs/sources_1/new/block.sv:23]
	Parameter Block_X_Center bound to: 10'b0010001100 
	Parameter Block_Y_Center bound to: 10'b0001101010 
	Parameter Block_X_Min bound to: 10'b0000000000 
	Parameter Block_X_Max bound to: 10'b1001111111 
	Parameter BlockLen bound to: 10'b0000010011 
	Parameter BlockWidth bound to: 10'b0000001010 
INFO: [Synth 8-6155] done synthesizing module 'block__parameterized50' (0#1) [E:/ECE385/lab6_2.xpr/lab6_2/lab6_2.srcs/sources_1/new/block.sv:23]
INFO: [Synth 8-6157] synthesizing module 'block__parameterized51' [E:/ECE385/lab6_2.xpr/lab6_2/lab6_2.srcs/sources_1/new/block.sv:23]
	Parameter Block_X_Center bound to: 10'b0010110100 
	Parameter Block_Y_Center bound to: 10'b0001101010 
	Parameter Block_X_Min bound to: 10'b0000000000 
	Parameter Block_X_Max bound to: 10'b1001111111 
	Parameter BlockLen bound to: 10'b0000010011 
	Parameter BlockWidth bound to: 10'b0000001010 
INFO: [Synth 8-6155] done synthesizing module 'block__parameterized51' (0#1) [E:/ECE385/lab6_2.xpr/lab6_2/lab6_2.srcs/sources_1/new/block.sv:23]
INFO: [Synth 8-6157] synthesizing module 'block__parameterized52' [E:/ECE385/lab6_2.xpr/lab6_2/lab6_2.srcs/sources_1/new/block.sv:23]
	Parameter Block_X_Center bound to: 10'b0011011100 
	Parameter Block_Y_Center bound to: 10'b0001101010 
	Parameter Block_X_Min bound to: 10'b0000000000 
	Parameter Block_X_Max bound to: 10'b1001111111 
	Parameter BlockLen bound to: 10'b0000010011 
	Parameter BlockWidth bound to: 10'b0000001010 
INFO: [Synth 8-6155] done synthesizing module 'block__parameterized52' (0#1) [E:/ECE385/lab6_2.xpr/lab6_2/lab6_2.srcs/sources_1/new/block.sv:23]
INFO: [Synth 8-6157] synthesizing module 'block__parameterized53' [E:/ECE385/lab6_2.xpr/lab6_2/lab6_2.srcs/sources_1/new/block.sv:23]
	Parameter Block_X_Center bound to: 10'b0100000100 
	Parameter Block_Y_Center bound to: 10'b0001101010 
	Parameter Block_X_Min bound to: 10'b0000000000 
	Parameter Block_X_Max bound to: 10'b1001111111 
	Parameter BlockLen bound to: 10'b0000010011 
	Parameter BlockWidth bound to: 10'b0000001010 
INFO: [Synth 8-6155] done synthesizing module 'block__parameterized53' (0#1) [E:/ECE385/lab6_2.xpr/lab6_2/lab6_2.srcs/sources_1/new/block.sv:23]
INFO: [Synth 8-6157] synthesizing module 'block__parameterized54' [E:/ECE385/lab6_2.xpr/lab6_2/lab6_2.srcs/sources_1/new/block.sv:23]
	Parameter Block_X_Center bound to: 10'b0100101100 
	Parameter Block_Y_Center bound to: 10'b0001101010 
	Parameter Block_X_Min bound to: 10'b0000000000 
	Parameter Block_X_Max bound to: 10'b1001111111 
	Parameter BlockLen bound to: 10'b0000010011 
	Parameter BlockWidth bound to: 10'b0000001010 
INFO: [Synth 8-6155] done synthesizing module 'block__parameterized54' (0#1) [E:/ECE385/lab6_2.xpr/lab6_2/lab6_2.srcs/sources_1/new/block.sv:23]
INFO: [Synth 8-6157] synthesizing module 'block__parameterized55' [E:/ECE385/lab6_2.xpr/lab6_2/lab6_2.srcs/sources_1/new/block.sv:23]
	Parameter Block_X_Center bound to: 10'b0101010100 
	Parameter Block_Y_Center bound to: 10'b0001101010 
	Parameter Block_X_Min bound to: 10'b0000000000 
	Parameter Block_X_Max bound to: 10'b1001111111 
	Parameter BlockLen bound to: 10'b0000010011 
	Parameter BlockWidth bound to: 10'b0000001010 
INFO: [Synth 8-6155] done synthesizing module 'block__parameterized55' (0#1) [E:/ECE385/lab6_2.xpr/lab6_2/lab6_2.srcs/sources_1/new/block.sv:23]
INFO: [Synth 8-6157] synthesizing module 'block__parameterized56' [E:/ECE385/lab6_2.xpr/lab6_2/lab6_2.srcs/sources_1/new/block.sv:23]
	Parameter Block_X_Center bound to: 10'b0101111100 
	Parameter Block_Y_Center bound to: 10'b0001101010 
	Parameter Block_X_Min bound to: 10'b0000000000 
	Parameter Block_X_Max bound to: 10'b1001111111 
	Parameter BlockLen bound to: 10'b0000010011 
	Parameter BlockWidth bound to: 10'b0000001010 
INFO: [Synth 8-6155] done synthesizing module 'block__parameterized56' (0#1) [E:/ECE385/lab6_2.xpr/lab6_2/lab6_2.srcs/sources_1/new/block.sv:23]
INFO: [Synth 8-6157] synthesizing module 'block__parameterized57' [E:/ECE385/lab6_2.xpr/lab6_2/lab6_2.srcs/sources_1/new/block.sv:23]
	Parameter Block_X_Center bound to: 10'b0110100100 
	Parameter Block_Y_Center bound to: 10'b0001101010 
	Parameter Block_X_Min bound to: 10'b0000000000 
	Parameter Block_X_Max bound to: 10'b1001111111 
	Parameter BlockLen bound to: 10'b0000010011 
	Parameter BlockWidth bound to: 10'b0000001010 
INFO: [Synth 8-6155] done synthesizing module 'block__parameterized57' (0#1) [E:/ECE385/lab6_2.xpr/lab6_2/lab6_2.srcs/sources_1/new/block.sv:23]
INFO: [Synth 8-6157] synthesizing module 'block__parameterized58' [E:/ECE385/lab6_2.xpr/lab6_2/lab6_2.srcs/sources_1/new/block.sv:23]
	Parameter Block_X_Center bound to: 10'b0111001100 
	Parameter Block_Y_Center bound to: 10'b0001101010 
	Parameter Block_X_Min bound to: 10'b0000000000 
	Parameter Block_X_Max bound to: 10'b1001111111 
	Parameter BlockLen bound to: 10'b0000010011 
	Parameter BlockWidth bound to: 10'b0000001010 
INFO: [Synth 8-6155] done synthesizing module 'block__parameterized58' (0#1) [E:/ECE385/lab6_2.xpr/lab6_2/lab6_2.srcs/sources_1/new/block.sv:23]
INFO: [Synth 8-6157] synthesizing module 'block__parameterized59' [E:/ECE385/lab6_2.xpr/lab6_2/lab6_2.srcs/sources_1/new/block.sv:23]
	Parameter Block_X_Center bound to: 10'b0111110100 
	Parameter Block_Y_Center bound to: 10'b0001101010 
	Parameter Block_X_Min bound to: 10'b0000000000 
	Parameter Block_X_Max bound to: 10'b1001111111 
	Parameter BlockLen bound to: 10'b0000010011 
	Parameter BlockWidth bound to: 10'b0000001010 
INFO: [Synth 8-6155] done synthesizing module 'block__parameterized59' (0#1) [E:/ECE385/lab6_2.xpr/lab6_2/lab6_2.srcs/sources_1/new/block.sv:23]
INFO: [Synth 8-6157] synthesizing module 'block__parameterized60' [E:/ECE385/lab6_2.xpr/lab6_2/lab6_2.srcs/sources_1/new/block.sv:23]
	Parameter Block_X_Center bound to: 10'b1000011100 
	Parameter Block_Y_Center bound to: 10'b0001101010 
	Parameter Block_X_Min bound to: 10'b0000000000 
	Parameter Block_X_Max bound to: 10'b1001111111 
	Parameter BlockLen bound to: 10'b0000010011 
	Parameter BlockWidth bound to: 10'b0000001010 
INFO: [Synth 8-6155] done synthesizing module 'block__parameterized60' (0#1) [E:/ECE385/lab6_2.xpr/lab6_2/lab6_2.srcs/sources_1/new/block.sv:23]
INFO: [Synth 8-6157] synthesizing module 'block__parameterized61' [E:/ECE385/lab6_2.xpr/lab6_2/lab6_2.srcs/sources_1/new/block.sv:23]
	Parameter Block_X_Center bound to: 10'b1001000100 
	Parameter Block_Y_Center bound to: 10'b0001101010 
	Parameter Block_X_Min bound to: 10'b0000000000 
	Parameter Block_X_Max bound to: 10'b1001111111 
	Parameter BlockLen bound to: 10'b0000010011 
	Parameter BlockWidth bound to: 10'b0000001010 
INFO: [Synth 8-6155] done synthesizing module 'block__parameterized61' (0#1) [E:/ECE385/lab6_2.xpr/lab6_2/lab6_2.srcs/sources_1/new/block.sv:23]
INFO: [Synth 8-6157] synthesizing module 'block__parameterized62' [E:/ECE385/lab6_2.xpr/lab6_2/lab6_2.srcs/sources_1/new/block.sv:23]
	Parameter Block_X_Center bound to: 10'b1001101100 
	Parameter Block_Y_Center bound to: 10'b0001101010 
	Parameter Block_X_Min bound to: 10'b0000000000 
	Parameter Block_X_Max bound to: 10'b1001111111 
	Parameter BlockLen bound to: 10'b0000010011 
	Parameter BlockWidth bound to: 10'b0000001010 
INFO: [Synth 8-6155] done synthesizing module 'block__parameterized62' (0#1) [E:/ECE385/lab6_2.xpr/lab6_2/lab6_2.srcs/sources_1/new/block.sv:23]
INFO: [Synth 8-6157] synthesizing module 'HexDriver' [E:/ECE385/lab6_2.xpr/lab6_2/lab6_2.srcs/sources_1/imports/design_source/hex.sv:1]
INFO: [Synth 8-6157] synthesizing module 'nibble_to_hex' [E:/ECE385/lab6_2.xpr/lab6_2/lab6_2.srcs/sources_1/imports/design_source/hex.sv:11]
INFO: [Synth 8-6155] done synthesizing module 'nibble_to_hex' (0#1) [E:/ECE385/lab6_2.xpr/lab6_2/lab6_2.srcs/sources_1/imports/design_source/hex.sv:11]
INFO: [Synth 8-6157] synthesizing module 'nibble_to_hex' [E:/ECE385/lab6_2.xpr/lab6_2/lab6_2.srcs/sources_1/imports/design_source/hex.sv:11]
INFO: [Synth 8-6155] done synthesizing module 'nibble_to_hex' (0#1) [E:/ECE385/lab6_2.xpr/lab6_2/lab6_2.srcs/sources_1/imports/design_source/hex.sv:11]
INFO: [Synth 8-6157] synthesizing module 'nibble_to_hex' [E:/ECE385/lab6_2.xpr/lab6_2/lab6_2.srcs/sources_1/imports/design_source/hex.sv:11]
INFO: [Synth 8-6155] done synthesizing module 'nibble_to_hex' (0#1) [E:/ECE385/lab6_2.xpr/lab6_2/lab6_2.srcs/sources_1/imports/design_source/hex.sv:11]
INFO: [Synth 8-6157] synthesizing module 'nibble_to_hex' [E:/ECE385/lab6_2.xpr/lab6_2/lab6_2.srcs/sources_1/imports/design_source/hex.sv:11]
INFO: [Synth 8-6155] done synthesizing module 'nibble_to_hex' (0#1) [E:/ECE385/lab6_2.xpr/lab6_2/lab6_2.srcs/sources_1/imports/design_source/hex.sv:11]
INFO: [Synth 8-6155] done synthesizing module 'HexDriver' (0#1) [E:/ECE385/lab6_2.xpr/lab6_2/lab6_2.srcs/sources_1/imports/design_source/hex.sv:1]
INFO: [Synth 8-6157] synthesizing module 'mb_block' [e:/ECE385/lab6_2.xpr/lab6_2/lab6_2.gen/sources_1/bd/mb_block/synth/mb_block.v:1228]
INFO: [Synth 8-6157] synthesizing module 'mb_block_axi_uartlite_0_0' [E:/ECE385/lab6_2.xpr/lab6_2/lab6_2.runs/synth_1/.Xil/Vivado-11704-DESKTOP-02DFB66/realtime/mb_block_axi_uartlite_0_0_stub.v:5]
INFO: [Synth 8-6155] done synthesizing module 'mb_block_axi_uartlite_0_0' (0#1) [E:/ECE385/lab6_2.xpr/lab6_2/lab6_2.runs/synth_1/.Xil/Vivado-11704-DESKTOP-02DFB66/realtime/mb_block_axi_uartlite_0_0_stub.v:5]
INFO: [Synth 8-6157] synthesizing module 'mb_block_clk_wiz_1_0' [E:/ECE385/lab6_2.xpr/lab6_2/lab6_2.runs/synth_1/.Xil/Vivado-11704-DESKTOP-02DFB66/realtime/mb_block_clk_wiz_1_0_stub.v:5]
INFO: [Synth 8-6155] done synthesizing module 'mb_block_clk_wiz_1_0' (0#1) [E:/ECE385/lab6_2.xpr/lab6_2/lab6_2.runs/synth_1/.Xil/Vivado-11704-DESKTOP-02DFB66/realtime/mb_block_clk_wiz_1_0_stub.v:5]
INFO: [Synth 8-6157] synthesizing module 'mb_block_axi_gpio_3_0' [E:/ECE385/lab6_2.xpr/lab6_2/lab6_2.runs/synth_1/.Xil/Vivado-11704-DESKTOP-02DFB66/realtime/mb_block_axi_gpio_3_0_stub.v:5]
INFO: [Synth 8-6155] done synthesizing module 'mb_block_axi_gpio_3_0' (0#1) [E:/ECE385/lab6_2.xpr/lab6_2/lab6_2.runs/synth_1/.Xil/Vivado-11704-DESKTOP-02DFB66/realtime/mb_block_axi_gpio_3_0_stub.v:5]
INFO: [Synth 8-6157] synthesizing module 'mb_block_axi_gpio_4_0' [E:/ECE385/lab6_2.xpr/lab6_2/lab6_2.runs/synth_1/.Xil/Vivado-11704-DESKTOP-02DFB66/realtime/mb_block_axi_gpio_4_0_stub.v:5]
INFO: [Synth 8-6155] done synthesizing module 'mb_block_axi_gpio_4_0' (0#1) [E:/ECE385/lab6_2.xpr/lab6_2/lab6_2.runs/synth_1/.Xil/Vivado-11704-DESKTOP-02DFB66/realtime/mb_block_axi_gpio_4_0_stub.v:5]
INFO: [Synth 8-6157] synthesizing module 'mb_block_axi_gpio_0_1' [E:/ECE385/lab6_2.xpr/lab6_2/lab6_2.runs/synth_1/.Xil/Vivado-11704-DESKTOP-02DFB66/realtime/mb_block_axi_gpio_0_1_stub.v:5]
INFO: [Synth 8-6155] done synthesizing module 'mb_block_axi_gpio_0_1' (0#1) [E:/ECE385/lab6_2.xpr/lab6_2/lab6_2.runs/synth_1/.Xil/Vivado-11704-DESKTOP-02DFB66/realtime/mb_block_axi_gpio_0_1_stub.v:5]
INFO: [Synth 8-6157] synthesizing module 'mb_block_mdm_1_0' [E:/ECE385/lab6_2.xpr/lab6_2/lab6_2.runs/synth_1/.Xil/Vivado-11704-DESKTOP-02DFB66/realtime/mb_block_mdm_1_0_stub.v:5]
INFO: [Synth 8-6155] done synthesizing module 'mb_block_mdm_1_0' (0#1) [E:/ECE385/lab6_2.xpr/lab6_2/lab6_2.runs/synth_1/.Xil/Vivado-11704-DESKTOP-02DFB66/realtime/mb_block_mdm_1_0_stub.v:5]
INFO: [Synth 8-6157] synthesizing module 'mb_block_microblaze_0_0' [E:/ECE385/lab6_2.xpr/lab6_2/lab6_2.runs/synth_1/.Xil/Vivado-11704-DESKTOP-02DFB66/realtime/mb_block_microblaze_0_0_stub.v:5]
INFO: [Synth 8-6155] done synthesizing module 'mb_block_microblaze_0_0' (0#1) [E:/ECE385/lab6_2.xpr/lab6_2/lab6_2.runs/synth_1/.Xil/Vivado-11704-DESKTOP-02DFB66/realtime/mb_block_microblaze_0_0_stub.v:5]
INFO: [Synth 8-6157] synthesizing module 'mb_block_microblaze_0_axi_intc_0' [E:/ECE385/lab6_2.xpr/lab6_2/lab6_2.runs/synth_1/.Xil/Vivado-11704-DESKTOP-02DFB66/realtime/mb_block_microblaze_0_axi_intc_0_stub.v:5]
INFO: [Synth 8-6155] done synthesizing module 'mb_block_microblaze_0_axi_intc_0' (0#1) [E:/ECE385/lab6_2.xpr/lab6_2/lab6_2.runs/synth_1/.Xil/Vivado-11704-DESKTOP-02DFB66/realtime/mb_block_microblaze_0_axi_intc_0_stub.v:5]
INFO: [Synth 8-6157] synthesizing module 'mb_block_microblaze_0_axi_periph_0' [e:/ECE385/lab6_2.xpr/lab6_2/lab6_2.gen/sources_1/bd/mb_block/synth/mb_block.v:1914]
INFO: [Synth 8-6157] synthesizing module 'm00_couplers_imp_1TK4492' [e:/ECE385/lab6_2.xpr/lab6_2/lab6_2.gen/sources_1/bd/mb_block/synth/mb_block.v:12]
INFO: [Synth 8-6155] done synthesizing module 'm00_couplers_imp_1TK4492' (0#1) [e:/ECE385/lab6_2.xpr/lab6_2/lab6_2.gen/sources_1/bd/mb_block/synth/mb_block.v:12]
INFO: [Synth 8-6157] synthesizing module 'm01_couplers_imp_UT2LJ' [e:/ECE385/lab6_2.xpr/lab6_2/lab6_2.gen/sources_1/bd/mb_block/synth/mb_block.v:144]
INFO: [Synth 8-6155] done synthesizing module 'm01_couplers_imp_UT2LJ' (0#1) [e:/ECE385/lab6_2.xpr/lab6_2/lab6_2.gen/sources_1/bd/mb_block/synth/mb_block.v:144]
INFO: [Synth 8-6157] synthesizing module 'm02_couplers_imp_1ST4AV9' [e:/ECE385/lab6_2.xpr/lab6_2/lab6_2.gen/sources_1/bd/mb_block/synth/mb_block.v:276]
INFO: [Synth 8-6155] done synthesizing module 'm02_couplers_imp_1ST4AV9' (0#1) [e:/ECE385/lab6_2.xpr/lab6_2/lab6_2.gen/sources_1/bd/mb_block/synth/mb_block.v:276]
INFO: [Synth 8-6157] synthesizing module 'm03_couplers_imp_1VI1NO' [e:/ECE385/lab6_2.xpr/lab6_2/lab6_2.gen/sources_1/bd/mb_block/synth/mb_block.v:408]
INFO: [Synth 8-6155] done synthesizing module 'm03_couplers_imp_1VI1NO' (0#1) [e:/ECE385/lab6_2.xpr/lab6_2/lab6_2.gen/sources_1/bd/mb_block/synth/mb_block.v:408]
INFO: [Synth 8-6157] synthesizing module 'm04_couplers_imp_1SCR8U8' [e:/ECE385/lab6_2.xpr/lab6_2/lab6_2.gen/sources_1/bd/mb_block/synth/mb_block.v:554]
INFO: [Synth 8-6155] done synthesizing module 'm04_couplers_imp_1SCR8U8' (0#1) [e:/ECE385/lab6_2.xpr/lab6_2/lab6_2.gen/sources_1/bd/mb_block/synth/mb_block.v:554]
INFO: [Synth 8-6157] synthesizing module 'm05_couplers_imp_2FAMHT' [e:/ECE385/lab6_2.xpr/lab6_2/lab6_2.gen/sources_1/bd/mb_block/synth/mb_block.v:700]
INFO: [Synth 8-6155] done synthesizing module 'm05_couplers_imp_2FAMHT' (0#1) [e:/ECE385/lab6_2.xpr/lab6_2/lab6_2.gen/sources_1/bd/mb_block/synth/mb_block.v:700]
INFO: [Synth 8-6157] synthesizing module 'm06_couplers_imp_1QRRYF7' [e:/ECE385/lab6_2.xpr/lab6_2/lab6_2.gen/sources_1/bd/mb_block/synth/mb_block.v:832]
INFO: [Synth 8-6155] done synthesizing module 'm06_couplers_imp_1QRRYF7' (0#1) [e:/ECE385/lab6_2.xpr/lab6_2/lab6_2.gen/sources_1/bd/mb_block/synth/mb_block.v:832]
INFO: [Synth 8-6157] synthesizing module 'm07_couplers_imp_3PYGGY' [e:/ECE385/lab6_2.xpr/lab6_2/lab6_2.gen/sources_1/bd/mb_block/synth/mb_block.v:964]
INFO: [Synth 8-6155] done synthesizing module 'm07_couplers_imp_3PYGGY' (0#1) [e:/ECE385/lab6_2.xpr/lab6_2/lab6_2.gen/sources_1/bd/mb_block/synth/mb_block.v:964]
INFO: [Synth 8-6157] synthesizing module 'm08_couplers_imp_1XO1QIY' [e:/ECE385/lab6_2.xpr/lab6_2/lab6_2.gen/sources_1/bd/mb_block/synth/mb_block.v:1096]
INFO: [Synth 8-6155] done synthesizing module 'm08_couplers_imp_1XO1QIY' (0#1) [e:/ECE385/lab6_2.xpr/lab6_2/lab6_2.gen/sources_1/bd/mb_block/synth/mb_block.v:1096]
INFO: [Synth 8-6157] synthesizing module 's00_couplers_imp_5YIJ0K' [e:/ECE385/lab6_2.xpr/lab6_2/lab6_2.gen/sources_1/bd/mb_block/synth/mb_block.v:3526]
INFO: [Synth 8-6155] done synthesizing module 's00_couplers_imp_5YIJ0K' (0#1) [e:/ECE385/lab6_2.xpr/lab6_2/lab6_2.gen/sources_1/bd/mb_block/synth/mb_block.v:3526]
INFO: [Synth 8-6157] synthesizing module 'mb_block_xbar_0' [E:/ECE385/lab6_2.xpr/lab6_2/lab6_2.runs/synth_1/.Xil/Vivado-11704-DESKTOP-02DFB66/realtime/mb_block_xbar_0_stub.v:5]
INFO: [Synth 8-6155] done synthesizing module 'mb_block_xbar_0' (0#1) [E:/ECE385/lab6_2.xpr/lab6_2/lab6_2.runs/synth_1/.Xil/Vivado-11704-DESKTOP-02DFB66/realtime/mb_block_xbar_0_stub.v:5]
WARNING: [Synth 8-689] width (15) of port connection 'm_axi_arprot' does not match port width (27) of module 'mb_block_xbar_0' [e:/ECE385/lab6_2.xpr/lab6_2/lab6_2.gen/sources_1/bd/mb_block/synth/mb_block.v:3253]
WARNING: [Synth 8-689] width (15) of port connection 'm_axi_awprot' does not match port width (27) of module 'mb_block_xbar_0' [e:/ECE385/lab6_2.xpr/lab6_2/lab6_2.gen/sources_1/bd/mb_block/synth/mb_block.v:3257]
INFO: [Synth 8-6155] done synthesizing module 'mb_block_microblaze_0_axi_periph_0' (0#1) [e:/ECE385/lab6_2.xpr/lab6_2/lab6_2.gen/sources_1/bd/mb_block/synth/mb_block.v:1914]
WARNING: [Synth 8-7071] port 'M03_AXI_araddr' of module 'mb_block_microblaze_0_axi_periph_0' is unconnected for instance 'microblaze_0_axi_periph' [e:/ECE385/lab6_2.xpr/lab6_2/lab6_2.gen/sources_1/bd/mb_block/synth/mb_block.v:1645]
WARNING: [Synth 8-7071] port 'M03_AXI_arprot' of module 'mb_block_microblaze_0_axi_periph_0' is unconnected for instance 'microblaze_0_axi_periph' [e:/ECE385/lab6_2.xpr/lab6_2/lab6_2.gen/sources_1/bd/mb_block/synth/mb_block.v:1645]
WARNING: [Synth 8-7071] port 'M03_AXI_arvalid' of module 'mb_block_microblaze_0_axi_periph_0' is unconnected for instance 'microblaze_0_axi_periph' [e:/ECE385/lab6_2.xpr/lab6_2/lab6_2.gen/sources_1/bd/mb_block/synth/mb_block.v:1645]
WARNING: [Synth 8-7071] port 'M03_AXI_awaddr' of module 'mb_block_microblaze_0_axi_periph_0' is unconnected for instance 'microblaze_0_axi_periph' [e:/ECE385/lab6_2.xpr/lab6_2/lab6_2.gen/sources_1/bd/mb_block/synth/mb_block.v:1645]
WARNING: [Synth 8-7071] port 'M03_AXI_awprot' of module 'mb_block_microblaze_0_axi_periph_0' is unconnected for instance 'microblaze_0_axi_periph' [e:/ECE385/lab6_2.xpr/lab6_2/lab6_2.gen/sources_1/bd/mb_block/synth/mb_block.v:1645]
WARNING: [Synth 8-7071] port 'M03_AXI_awvalid' of module 'mb_block_microblaze_0_axi_periph_0' is unconnected for instance 'microblaze_0_axi_periph' [e:/ECE385/lab6_2.xpr/lab6_2/lab6_2.gen/sources_1/bd/mb_block/synth/mb_block.v:1645]
WARNING: [Synth 8-7071] port 'M03_AXI_bready' of module 'mb_block_microblaze_0_axi_periph_0' is unconnected for instance 'microblaze_0_axi_periph' [e:/ECE385/lab6_2.xpr/lab6_2/lab6_2.gen/sources_1/bd/mb_block/synth/mb_block.v:1645]
WARNING: [Synth 8-7071] port 'M03_AXI_rready' of module 'mb_block_microblaze_0_axi_periph_0' is unconnected for instance 'microblaze_0_axi_periph' [e:/ECE385/lab6_2.xpr/lab6_2/lab6_2.gen/sources_1/bd/mb_block/synth/mb_block.v:1645]
WARNING: [Synth 8-7071] port 'M03_AXI_wdata' of module 'mb_block_microblaze_0_axi_periph_0' is unconnected for instance 'microblaze_0_axi_periph' [e:/ECE385/lab6_2.xpr/lab6_2/lab6_2.gen/sources_1/bd/mb_block/synth/mb_block.v:1645]
WARNING: [Synth 8-7071] port 'M03_AXI_wstrb' of module 'mb_block_microblaze_0_axi_periph_0' is unconnected for instance 'microblaze_0_axi_periph' [e:/ECE385/lab6_2.xpr/lab6_2/lab6_2.gen/sources_1/bd/mb_block/synth/mb_block.v:1645]
WARNING: [Synth 8-7071] port 'M03_AXI_wvalid' of module 'mb_block_microblaze_0_axi_periph_0' is unconnected for instance 'microblaze_0_axi_periph' [e:/ECE385/lab6_2.xpr/lab6_2/lab6_2.gen/sources_1/bd/mb_block/synth/mb_block.v:1645]
WARNING: [Synth 8-7071] port 'M04_AXI_araddr' of module 'mb_block_microblaze_0_axi_periph_0' is unconnected for instance 'microblaze_0_axi_periph' [e:/ECE385/lab6_2.xpr/lab6_2/lab6_2.gen/sources_1/bd/mb_block/synth/mb_block.v:1645]
WARNING: [Synth 8-7071] port 'M04_AXI_arprot' of module 'mb_block_microblaze_0_axi_periph_0' is unconnected for instance 'microblaze_0_axi_periph' [e:/ECE385/lab6_2.xpr/lab6_2/lab6_2.gen/sources_1/bd/mb_block/synth/mb_block.v:1645]
WARNING: [Synth 8-7071] port 'M04_AXI_arvalid' of module 'mb_block_microblaze_0_axi_periph_0' is unconnected for instance 'microblaze_0_axi_periph' [e:/ECE385/lab6_2.xpr/lab6_2/lab6_2.gen/sources_1/bd/mb_block/synth/mb_block.v:1645]
WARNING: [Synth 8-7071] port 'M04_AXI_awaddr' of module 'mb_block_microblaze_0_axi_periph_0' is unconnected for instance 'microblaze_0_axi_periph' [e:/ECE385/lab6_2.xpr/lab6_2/lab6_2.gen/sources_1/bd/mb_block/synth/mb_block.v:1645]
WARNING: [Synth 8-7071] port 'M04_AXI_awprot' of module 'mb_block_microblaze_0_axi_periph_0' is unconnected for instance 'microblaze_0_axi_periph' [e:/ECE385/lab6_2.xpr/lab6_2/lab6_2.gen/sources_1/bd/mb_block/synth/mb_block.v:1645]
WARNING: [Synth 8-7071] port 'M04_AXI_awvalid' of module 'mb_block_microblaze_0_axi_periph_0' is unconnected for instance 'microblaze_0_axi_periph' [e:/ECE385/lab6_2.xpr/lab6_2/lab6_2.gen/sources_1/bd/mb_block/synth/mb_block.v:1645]
WARNING: [Synth 8-7071] port 'M04_AXI_bready' of module 'mb_block_microblaze_0_axi_periph_0' is unconnected for instance 'microblaze_0_axi_periph' [e:/ECE385/lab6_2.xpr/lab6_2/lab6_2.gen/sources_1/bd/mb_block/synth/mb_block.v:1645]
WARNING: [Synth 8-7071] port 'M04_AXI_rready' of module 'mb_block_microblaze_0_axi_periph_0' is unconnected for instance 'microblaze_0_axi_periph' [e:/ECE385/lab6_2.xpr/lab6_2/lab6_2.gen/sources_1/bd/mb_block/synth/mb_block.v:1645]
WARNING: [Synth 8-7071] port 'M04_AXI_wdata' of module 'mb_block_microblaze_0_axi_periph_0' is unconnected for instance 'microblaze_0_axi_periph' [e:/ECE385/lab6_2.xpr/lab6_2/lab6_2.gen/sources_1/bd/mb_block/synth/mb_block.v:1645]
WARNING: [Synth 8-7071] port 'M04_AXI_wstrb' of module 'mb_block_microblaze_0_axi_periph_0' is unconnected for instance 'microblaze_0_axi_periph' [e:/ECE385/lab6_2.xpr/lab6_2/lab6_2.gen/sources_1/bd/mb_block/synth/mb_block.v:1645]
WARNING: [Synth 8-7071] port 'M04_AXI_wvalid' of module 'mb_block_microblaze_0_axi_periph_0' is unconnected for instance 'microblaze_0_axi_periph' [e:/ECE385/lab6_2.xpr/lab6_2/lab6_2.gen/sources_1/bd/mb_block/synth/mb_block.v:1645]
WARNING: [Synth 8-7023] instance 'microblaze_0_axi_periph' of module 'mb_block_microblaze_0_axi_periph_0' has 198 connections declared, but only 176 given [e:/ECE385/lab6_2.xpr/lab6_2/lab6_2.gen/sources_1/bd/mb_block/synth/mb_block.v:1645]
INFO: [Synth 8-6157] synthesizing module 'microblaze_0_local_memory_imp_G5BFEQ' [e:/ECE385/lab6_2.xpr/lab6_2/lab6_2.gen/sources_1/bd/mb_block/synth/mb_block.v:3292]
INFO: [Synth 8-6157] synthesizing module 'mb_block_dlmb_bram_if_cntlr_0' [E:/ECE385/lab6_2.xpr/lab6_2/lab6_2.runs/synth_1/.Xil/Vivado-11704-DESKTOP-02DFB66/realtime/mb_block_dlmb_bram_if_cntlr_0_stub.v:5]
INFO: [Synth 8-6155] done synthesizing module 'mb_block_dlmb_bram_if_cntlr_0' (0#1) [E:/ECE385/lab6_2.xpr/lab6_2/lab6_2.runs/synth_1/.Xil/Vivado-11704-DESKTOP-02DFB66/realtime/mb_block_dlmb_bram_if_cntlr_0_stub.v:5]
INFO: [Synth 8-6157] synthesizing module 'mb_block_dlmb_v10_0' [E:/ECE385/lab6_2.xpr/lab6_2/lab6_2.runs/synth_1/.Xil/Vivado-11704-DESKTOP-02DFB66/realtime/mb_block_dlmb_v10_0_stub.v:5]
INFO: [Synth 8-6155] done synthesizing module 'mb_block_dlmb_v10_0' (0#1) [E:/ECE385/lab6_2.xpr/lab6_2/lab6_2.runs/synth_1/.Xil/Vivado-11704-DESKTOP-02DFB66/realtime/mb_block_dlmb_v10_0_stub.v:5]
WARNING: [Synth 8-7071] port 'LMB_Rst' of module 'mb_block_dlmb_v10_0' is unconnected for instance 'dlmb_v10' [e:/ECE385/lab6_2.xpr/lab6_2/lab6_2.gen/sources_1/bd/mb_block/synth/mb_block.v:3438]
WARNING: [Synth 8-7023] instance 'dlmb_v10' of module 'mb_block_dlmb_v10_0' has 25 connections declared, but only 24 given [e:/ECE385/lab6_2.xpr/lab6_2/lab6_2.gen/sources_1/bd/mb_block/synth/mb_block.v:3438]
INFO: [Synth 8-6157] synthesizing module 'mb_block_ilmb_bram_if_cntlr_0' [E:/ECE385/lab6_2.xpr/lab6_2/lab6_2.runs/synth_1/.Xil/Vivado-11704-DESKTOP-02DFB66/realtime/mb_block_ilmb_bram_if_cntlr_0_stub.v:5]
INFO: [Synth 8-6155] done synthesizing module 'mb_block_ilmb_bram_if_cntlr_0' (0#1) [E:/ECE385/lab6_2.xpr/lab6_2/lab6_2.runs/synth_1/.Xil/Vivado-11704-DESKTOP-02DFB66/realtime/mb_block_ilmb_bram_if_cntlr_0_stub.v:5]
INFO: [Synth 8-6157] synthesizing module 'mb_block_ilmb_v10_0' [E:/ECE385/lab6_2.xpr/lab6_2/lab6_2.runs/synth_1/.Xil/Vivado-11704-DESKTOP-02DFB66/realtime/mb_block_ilmb_v10_0_stub.v:5]
INFO: [Synth 8-6155] done synthesizing module 'mb_block_ilmb_v10_0' (0#1) [E:/ECE385/lab6_2.xpr/lab6_2/lab6_2.runs/synth_1/.Xil/Vivado-11704-DESKTOP-02DFB66/realtime/mb_block_ilmb_v10_0_stub.v:5]
WARNING: [Synth 8-7071] port 'LMB_Rst' of module 'mb_block_ilmb_v10_0' is unconnected for instance 'ilmb_v10' [e:/ECE385/lab6_2.xpr/lab6_2/lab6_2.gen/sources_1/bd/mb_block/synth/mb_block.v:3484]
WARNING: [Synth 8-7023] instance 'ilmb_v10' of module 'mb_block_ilmb_v10_0' has 25 connections declared, but only 24 given [e:/ECE385/lab6_2.xpr/lab6_2/lab6_2.gen/sources_1/bd/mb_block/synth/mb_block.v:3484]
INFO: [Synth 8-6157] synthesizing module 'mb_block_lmb_bram_0' [E:/ECE385/lab6_2.xpr/lab6_2/lab6_2.runs/synth_1/.Xil/Vivado-11704-DESKTOP-02DFB66/realtime/mb_block_lmb_bram_0_stub.v:5]
INFO: [Synth 8-6155] done synthesizing module 'mb_block_lmb_bram_0' (0#1) [E:/ECE385/lab6_2.xpr/lab6_2/lab6_2.runs/synth_1/.Xil/Vivado-11704-DESKTOP-02DFB66/realtime/mb_block_lmb_bram_0_stub.v:5]
WARNING: [Synth 8-7071] port 'rsta_busy' of module 'mb_block_lmb_bram_0' is unconnected for instance 'lmb_bram' [e:/ECE385/lab6_2.xpr/lab6_2/lab6_2.gen/sources_1/bd/mb_block/synth/mb_block.v:3509]
WARNING: [Synth 8-7071] port 'rstb_busy' of module 'mb_block_lmb_bram_0' is unconnected for instance 'lmb_bram' [e:/ECE385/lab6_2.xpr/lab6_2/lab6_2.gen/sources_1/bd/mb_block/synth/mb_block.v:3509]
WARNING: [Synth 8-7023] instance 'lmb_bram' of module 'mb_block_lmb_bram_0' has 16 connections declared, but only 14 given [e:/ECE385/lab6_2.xpr/lab6_2/lab6_2.gen/sources_1/bd/mb_block/synth/mb_block.v:3509]
INFO: [Synth 8-6155] done synthesizing module 'microblaze_0_local_memory_imp_G5BFEQ' (0#1) [e:/ECE385/lab6_2.xpr/lab6_2/lab6_2.gen/sources_1/bd/mb_block/synth/mb_block.v:3292]
INFO: [Synth 8-6157] synthesizing module 'mb_block_rst_clk_wiz_1_100M_0' [E:/ECE385/lab6_2.xpr/lab6_2/lab6_2.runs/synth_1/.Xil/Vivado-11704-DESKTOP-02DFB66/realtime/mb_block_rst_clk_wiz_1_100M_0_stub.v:5]
INFO: [Synth 8-6155] done synthesizing module 'mb_block_rst_clk_wiz_1_100M_0' (0#1) [E:/ECE385/lab6_2.xpr/lab6_2/lab6_2.runs/synth_1/.Xil/Vivado-11704-DESKTOP-02DFB66/realtime/mb_block_rst_clk_wiz_1_100M_0_stub.v:5]
WARNING: [Synth 8-7071] port 'peripheral_reset' of module 'mb_block_rst_clk_wiz_1_100M_0' is unconnected for instance 'rst_clk_wiz_1_100M' [e:/ECE385/lab6_2.xpr/lab6_2/lab6_2.gen/sources_1/bd/mb_block/synth/mb_block.v:1844]
WARNING: [Synth 8-7071] port 'interconnect_aresetn' of module 'mb_block_rst_clk_wiz_1_100M_0' is unconnected for instance 'rst_clk_wiz_1_100M' [e:/ECE385/lab6_2.xpr/lab6_2/lab6_2.gen/sources_1/bd/mb_block/synth/mb_block.v:1844]
WARNING: [Synth 8-7023] instance 'rst_clk_wiz_1_100M' of module 'mb_block_rst_clk_wiz_1_100M_0' has 10 connections declared, but only 8 given [e:/ECE385/lab6_2.xpr/lab6_2/lab6_2.gen/sources_1/bd/mb_block/synth/mb_block.v:1844]
INFO: [Synth 8-6157] synthesizing module 'mb_block_axi_quad_spi_0_0' [E:/ECE385/lab6_2.xpr/lab6_2/lab6_2.runs/synth_1/.Xil/Vivado-11704-DESKTOP-02DFB66/realtime/mb_block_axi_quad_spi_0_0_stub.v:5]
INFO: [Synth 8-6155] done synthesizing module 'mb_block_axi_quad_spi_0_0' (0#1) [E:/ECE385/lab6_2.xpr/lab6_2/lab6_2.runs/synth_1/.Xil/Vivado-11704-DESKTOP-02DFB66/realtime/mb_block_axi_quad_spi_0_0_stub.v:5]
WARNING: [Synth 8-7071] port 'io0_t' of module 'mb_block_axi_quad_spi_0_0' is unconnected for instance 'spi_usb' [e:/ECE385/lab6_2.xpr/lab6_2/lab6_2.gen/sources_1/bd/mb_block/synth/mb_block.v:1853]
WARNING: [Synth 8-7071] port 'io1_o' of module 'mb_block_axi_quad_spi_0_0' is unconnected for instance 'spi_usb' [e:/ECE385/lab6_2.xpr/lab6_2/lab6_2.gen/sources_1/bd/mb_block/synth/mb_block.v:1853]
WARNING: [Synth 8-7071] port 'io1_t' of module 'mb_block_axi_quad_spi_0_0' is unconnected for instance 'spi_usb' [e:/ECE385/lab6_2.xpr/lab6_2/lab6_2.gen/sources_1/bd/mb_block/synth/mb_block.v:1853]
WARNING: [Synth 8-7071] port 'sck_t' of module 'mb_block_axi_quad_spi_0_0' is unconnected for instance 'spi_usb' [e:/ECE385/lab6_2.xpr/lab6_2/lab6_2.gen/sources_1/bd/mb_block/synth/mb_block.v:1853]
WARNING: [Synth 8-7071] port 'ss_t' of module 'mb_block_axi_quad_spi_0_0' is unconnected for instance 'spi_usb' [e:/ECE385/lab6_2.xpr/lab6_2/lab6_2.gen/sources_1/bd/mb_block/synth/mb_block.v:1853]
WARNING: [Synth 8-7023] instance 'spi_usb' of module 'mb_block_axi_quad_spi_0_0' has 33 connections declared, but only 28 given [e:/ECE385/lab6_2.xpr/lab6_2/lab6_2.gen/sources_1/bd/mb_block/synth/mb_block.v:1853]
INFO: [Synth 8-6157] synthesizing module 'mb_block_axi_timer_0_0' [E:/ECE385/lab6_2.xpr/lab6_2/lab6_2.runs/synth_1/.Xil/Vivado-11704-DESKTOP-02DFB66/realtime/mb_block_axi_timer_0_0_stub.v:5]
INFO: [Common 17-14] Message 'Synth 8-6157' appears 100 times and further instances of the messages will be disabled. Use the Tcl command set_msg_config to change the current settings.
INFO: [Synth 8-6155] done synthesizing module 'mb_block_axi_timer_0_0' (0#1) [E:/ECE385/lab6_2.xpr/lab6_2/lab6_2.runs/synth_1/.Xil/Vivado-11704-DESKTOP-02DFB66/realtime/mb_block_axi_timer_0_0_stub.v:5]
WARNING: [Synth 8-7071] port 'generateout0' of module 'mb_block_axi_timer_0_0' is unconnected for instance 'timer_usb_axi' [e:/ECE385/lab6_2.xpr/lab6_2/lab6_2.gen/sources_1/bd/mb_block/synth/mb_block.v:1882]
WARNING: [Synth 8-7071] port 'generateout1' of module 'mb_block_axi_timer_0_0' is unconnected for instance 'timer_usb_axi' [e:/ECE385/lab6_2.xpr/lab6_2/lab6_2.gen/sources_1/bd/mb_block/synth/mb_block.v:1882]
WARNING: [Synth 8-7071] port 'pwm0' of module 'mb_block_axi_timer_0_0' is unconnected for instance 'timer_usb_axi' [e:/ECE385/lab6_2.xpr/lab6_2/lab6_2.gen/sources_1/bd/mb_block/synth/mb_block.v:1882]
WARNING: [Synth 8-7023] instance 'timer_usb_axi' of module 'mb_block_axi_timer_0_0' has 26 connections declared, but only 23 given [e:/ECE385/lab6_2.xpr/lab6_2/lab6_2.gen/sources_1/bd/mb_block/synth/mb_block.v:1882]
INFO: [Synth 8-6155] done synthesizing module 'xlconcat_v2_1_4_xlconcat' (0#1) [e:/ECE385/lab6_2.xpr/lab6_2/lab6_2.gen/sources_1/bd/mb_block/ipshared/4b67/hdl/xlconcat_v2_1_vl_rfs.v:14]
INFO: [Synth 8-6155] done synthesizing module 'mb_block_xlconcat_0_0' (0#1) [e:/ECE385/lab6_2.xpr/lab6_2/lab6_2.gen/sources_1/bd/mb_block/ip/mb_block_xlconcat_0_0/synth/mb_block_xlconcat_0_0.v:53]
INFO: [Common 17-14] Message 'Synth 8-6155' appears 100 times and further instances of the messages will be disabled. Use the Tcl command set_msg_config to change the current settings.
WARNING: [Synth 8-7071] port 'sync' of module 'vga_controller' is unconnected for instance 'vga' [E:/ECE385/lab6_2.xpr/lab6_2/lab6_2.srcs/sources_1/imports/design_source/mb_usb_hdmi_top.sv:120]
WARNING: [Synth 8-7023] instance 'vga' of module 'vga_controller' has 8 connections declared, but only 7 given [E:/ECE385/lab6_2.xpr/lab6_2/lab6_2.srcs/sources_1/imports/design_source/mb_usb_hdmi_top.sv:120]
	Parameter BlockLen bound to: 10'b0000010011 
	Parameter BlockWidth bound to: 10'b0000001010 
WARNING: [Synth 8-6014] Unused sequential element Paddle_Y_Motion_reg was removed.  [E:/ECE385/lab6_2.xpr/lab6_2/lab6_2.srcs/sources_1/new/paddle.sv:44]
WARNING: [Synth 8-7129] Port In4[0] in module xlconcat_v2_1_4_xlconcat is either unconnected or has no load
WARNING: [Synth 8-7129] Port In5[0] in module xlconcat_v2_1_4_xlconcat is either unconnected or has no load
WARNING: [Synth 8-7129] Port In6[0] in module xlconcat_v2_1_4_xlconcat is either unconnected or has no load
WARNING: [Synth 8-7129] Port In7[0] in module xlconcat_v2_1_4_xlconcat is either unconnected or has no load
WARNING: [Synth 8-7129] Port In8[0] in module xlconcat_v2_1_4_xlconcat is either unconnected or has no load
WARNING: [Synth 8-7129] Port In9[0] in module xlconcat_v2_1_4_xlconcat is either unconnected or has no load
WARNING: [Synth 8-7129] Port In10[0] in module xlconcat_v2_1_4_xlconcat is either unconnected or has no load
WARNING: [Synth 8-7129] Port In11[0] in module xlconcat_v2_1_4_xlconcat is either unconnected or has no load
WARNING: [Synth 8-7129] Port In12[0] in module xlconcat_v2_1_4_xlconcat is either unconnected or has no load
WARNING: [Synth 8-7129] Port In13[0] in module xlconcat_v2_1_4_xlconcat is either unconnected or has no load
WARNING: [Synth 8-7129] Port In14[0] in module xlconcat_v2_1_4_xlconcat is either unconnected or has no load
WARNING: [Synth 8-7129] Port In15[0] in module xlconcat_v2_1_4_xlconcat is either unconnected or has no load
WARNING: [Synth 8-7129] Port In16[0] in module xlconcat_v2_1_4_xlconcat is either unconnected or has no load
WARNING: [Synth 8-7129] Port In17[0] in module xlconcat_v2_1_4_xlconcat is either unconnected or has no load
WARNING: [Synth 8-7129] Port In18[0] in module xlconcat_v2_1_4_xlconcat is either unconnected or has no load
WARNING: [Synth 8-7129] Port In19[0] in module xlconcat_v2_1_4_xlconcat is either unconnected or has no load
WARNING: [Synth 8-7129] Port In20[0] in module xlconcat_v2_1_4_xlconcat is either unconnected or has no load
WARNING: [Synth 8-7129] Port In21[0] in module xlconcat_v2_1_4_xlconcat is either unconnected or has no load
WARNING: [Synth 8-7129] Port In22[0] in module xlconcat_v2_1_4_xlconcat is either unconnected or has no load
WARNING: [Synth 8-7129] Port In23[0] in module xlconcat_v2_1_4_xlconcat is either unconnected or has no load
WARNING: [Synth 8-7129] Port In24[0] in module xlconcat_v2_1_4_xlconcat is either unconnected or has no load
WARNING: [Synth 8-7129] Port In25[0] in module xlconcat_v2_1_4_xlconcat is either unconnected or has no load
WARNING: [Synth 8-7129] Port In26[0] in module xlconcat_v2_1_4_xlconcat is either unconnected or has no load
WARNING: [Synth 8-7129] Port In27[0] in module xlconcat_v2_1_4_xlconcat is either unconnected or has no load
WARNING: [Synth 8-7129] Port In28[0] in module xlconcat_v2_1_4_xlconcat is either unconnected or has no load
WARNING: [Synth 8-7129] Port In29[0] in module xlconcat_v2_1_4_xlconcat is either unconnected or has no load
WARNING: [Synth 8-7129] Port In30[0] in module xlconcat_v2_1_4_xlconcat is either unconnected or has no load
WARNING: [Synth 8-7129] Port In31[0] in module xlconcat_v2_1_4_xlconcat is either unconnected or has no load
WARNING: [Synth 8-7129] Port In32[0] in module xlconcat_v2_1_4_xlconcat is either unconnected or has no load
WARNING: [Synth 8-7129] Port In33[0] in module xlconcat_v2_1_4_xlconcat is either unconnected or has no load
WARNING: [Synth 8-7129] Port In34[0] in module xlconcat_v2_1_4_xlconcat is either unconnected or has no load
WARNING: [Synth 8-7129] Port In35[0] in module xlconcat_v2_1_4_xlconcat is either unconnected or has no load
WARNING: [Synth 8-7129] Port In36[0] in module xlconcat_v2_1_4_xlconcat is either unconnected or has no load
WARNING: [Synth 8-7129] Port In37[0] in module xlconcat_v2_1_4_xlconcat is either unconnected or has no load
WARNING: [Synth 8-7129] Port In38[0] in module xlconcat_v2_1_4_xlconcat is either unconnected or has no load
WARNING: [Synth 8-7129] Port In39[0] in module xlconcat_v2_1_4_xlconcat is either unconnected or has no load
WARNING: [Synth 8-7129] Port In40[0] in module xlconcat_v2_1_4_xlconcat is either unconnected or has no load
WARNING: [Synth 8-7129] Port In41[0] in module xlconcat_v2_1_4_xlconcat is either unconnected or has no load
WARNING: [Synth 8-7129] Port In42[0] in module xlconcat_v2_1_4_xlconcat is either unconnected or has no load
WARNING: [Synth 8-7129] Port In43[0] in module xlconcat_v2_1_4_xlconcat is either unconnected or has no load
WARNING: [Synth 8-7129] Port In44[0] in module xlconcat_v2_1_4_xlconcat is either unconnected or has no load
WARNING: [Synth 8-7129] Port In45[0] in module xlconcat_v2_1_4_xlconcat is either unconnected or has no load
WARNING: [Synth 8-7129] Port In46[0] in module xlconcat_v2_1_4_xlconcat is either unconnected or has no load
WARNING: [Synth 8-7129] Port In47[0] in module xlconcat_v2_1_4_xlconcat is either unconnected or has no load
WARNING: [Synth 8-7129] Port In48[0] in module xlconcat_v2_1_4_xlconcat is either unconnected or has no load
WARNING: [Synth 8-7129] Port In49[0] in module xlconcat_v2_1_4_xlconcat is either unconnected or has no load
WARNING: [Synth 8-7129] Port In50[0] in module xlconcat_v2_1_4_xlconcat is either unconnected or has no load
WARNING: [Synth 8-7129] Port In51[0] in module xlconcat_v2_1_4_xlconcat is either unconnected or has no load
WARNING: [Synth 8-7129] Port In52[0] in module xlconcat_v2_1_4_xlconcat is either unconnected or has no load
WARNING: [Synth 8-7129] Port In53[0] in module xlconcat_v2_1_4_xlconcat is either unconnected or has no load
WARNING: [Synth 8-7129] Port In54[0] in module xlconcat_v2_1_4_xlconcat is either unconnected or has no load
WARNING: [Synth 8-7129] Port In55[0] in module xlconcat_v2_1_4_xlconcat is either unconnected or has no load
WARNING: [Synth 8-7129] Port In56[0] in module xlconcat_v2_1_4_xlconcat is either unconnected or has no load
WARNING: [Synth 8-7129] Port In57[0] in module xlconcat_v2_1_4_xlconcat is either unconnected or has no load
WARNING: [Synth 8-7129] Port In58[0] in module xlconcat_v2_1_4_xlconcat is either unconnected or has no load
WARNING: [Synth 8-7129] Port In59[0] in module xlconcat_v2_1_4_xlconcat is either unconnected or has no load
WARNING: [Synth 8-7129] Port In60[0] in module xlconcat_v2_1_4_xlconcat is either unconnected or has no load
WARNING: [Synth 8-7129] Port In61[0] in module xlconcat_v2_1_4_xlconcat is either unconnected or has no load
WARNING: [Synth 8-7129] Port In62[0] in module xlconcat_v2_1_4_xlconcat is either unconnected or has no load
WARNING: [Synth 8-7129] Port In63[0] in module xlconcat_v2_1_4_xlconcat is either unconnected or has no load
WARNING: [Synth 8-7129] Port In64[0] in module xlconcat_v2_1_4_xlconcat is either unconnected or has no load
WARNING: [Synth 8-7129] Port In65[0] in module xlconcat_v2_1_4_xlconcat is either unconnected or has no load
WARNING: [Synth 8-7129] Port In66[0] in module xlconcat_v2_1_4_xlconcat is either unconnected or has no load
WARNING: [Synth 8-7129] Port In67[0] in module xlconcat_v2_1_4_xlconcat is either unconnected or has no load
WARNING: [Synth 8-7129] Port In68[0] in module xlconcat_v2_1_4_xlconcat is either unconnected or has no load
WARNING: [Synth 8-7129] Port In69[0] in module xlconcat_v2_1_4_xlconcat is either unconnected or has no load
WARNING: [Synth 8-7129] Port In70[0] in module xlconcat_v2_1_4_xlconcat is either unconnected or has no load
WARNING: [Synth 8-7129] Port In71[0] in module xlconcat_v2_1_4_xlconcat is either unconnected or has no load
WARNING: [Synth 8-7129] Port In72[0] in module xlconcat_v2_1_4_xlconcat is either unconnected or has no load
WARNING: [Synth 8-7129] Port In73[0] in module xlconcat_v2_1_4_xlconcat is either unconnected or has no load
WARNING: [Synth 8-7129] Port In74[0] in module xlconcat_v2_1_4_xlconcat is either unconnected or has no load
WARNING: [Synth 8-7129] Port In75[0] in module xlconcat_v2_1_4_xlconcat is either unconnected or has no load
WARNING: [Synth 8-7129] Port In76[0] in module xlconcat_v2_1_4_xlconcat is either unconnected or has no load
WARNING: [Synth 8-7129] Port In77[0] in module xlconcat_v2_1_4_xlconcat is either unconnected or has no load
WARNING: [Synth 8-7129] Port In78[0] in module xlconcat_v2_1_4_xlconcat is either unconnected or has no load
WARNING: [Synth 8-7129] Port In79[0] in module xlconcat_v2_1_4_xlconcat is either unconnected or has no load
WARNING: [Synth 8-7129] Port In80[0] in module xlconcat_v2_1_4_xlconcat is either unconnected or has no load
WARNING: [Synth 8-7129] Port In81[0] in module xlconcat_v2_1_4_xlconcat is either unconnected or has no load
WARNING: [Synth 8-7129] Port In82[0] in module xlconcat_v2_1_4_xlconcat is either unconnected or has no load
WARNING: [Synth 8-7129] Port In83[0] in module xlconcat_v2_1_4_xlconcat is either unconnected or has no load
WARNING: [Synth 8-7129] Port In84[0] in module xlconcat_v2_1_4_xlconcat is either unconnected or has no load
WARNING: [Synth 8-7129] Port In85[0] in module xlconcat_v2_1_4_xlconcat is either unconnected or has no load
WARNING: [Synth 8-7129] Port In86[0] in module xlconcat_v2_1_4_xlconcat is either unconnected or has no load
WARNING: [Synth 8-7129] Port In87[0] in module xlconcat_v2_1_4_xlconcat is either unconnected or has no load
WARNING: [Synth 8-7129] Port In88[0] in module xlconcat_v2_1_4_xlconcat is either unconnected or has no load
WARNING: [Synth 8-7129] Port In89[0] in module xlconcat_v2_1_4_xlconcat is either unconnected or has no load
WARNING: [Synth 8-7129] Port In90[0] in module xlconcat_v2_1_4_xlconcat is either unconnected or has no load
WARNING: [Synth 8-7129] Port In91[0] in module xlconcat_v2_1_4_xlconcat is either unconnected or has no load
WARNING: [Synth 8-7129] Port In92[0] in module xlconcat_v2_1_4_xlconcat is either unconnected or has no load
WARNING: [Synth 8-7129] Port In93[0] in module xlconcat_v2_1_4_xlconcat is either unconnected or has no load
WARNING: [Synth 8-7129] Port In94[0] in module xlconcat_v2_1_4_xlconcat is either unconnected or has no load
WARNING: [Synth 8-7129] Port In95[0] in module xlconcat_v2_1_4_xlconcat is either unconnected or has no load
WARNING: [Synth 8-7129] Port In96[0] in module xlconcat_v2_1_4_xlconcat is either unconnected or has no load
WARNING: [Synth 8-7129] Port In97[0] in module xlconcat_v2_1_4_xlconcat is either unconnected or has no load
WARNING: [Synth 8-7129] Port In98[0] in module xlconcat_v2_1_4_xlconcat is either unconnected or has no load
WARNING: [Synth 8-7129] Port In99[0] in module xlconcat_v2_1_4_xlconcat is either unconnected or has no load
WARNING: [Synth 8-7129] Port In100[0] in module xlconcat_v2_1_4_xlconcat is either unconnected or has no load
WARNING: [Synth 8-7129] Port In101[0] in module xlconcat_v2_1_4_xlconcat is either unconnected or has no load
WARNING: [Synth 8-7129] Port In102[0] in module xlconcat_v2_1_4_xlconcat is either unconnected or has no load
WARNING: [Synth 8-7129] Port In103[0] in module xlconcat_v2_1_4_xlconcat is either unconnected or has no load
INFO: [Common 17-14] Message 'Synth 8-7129' appears 100 times and further instances of the messages will be disabled. Use the Tcl command set_msg_config to change the current settings.
---------------------------------------------------------------------------------
Finished RTL Elaboration : Time (s): cpu = 00:00:07 ; elapsed = 00:00:07 . Memory (MB): peak = 1396.234 ; gain = 588.152
---------------------------------------------------------------------------------
---------------------------------------------------------------------------------
Start Handling Custom Attributes
---------------------------------------------------------------------------------
---------------------------------------------------------------------------------
Finished Handling Custom Attributes : Time (s): cpu = 00:00:07 ; elapsed = 00:00:07 . Memory (MB): peak = 1396.234 ; gain = 588.152
---------------------------------------------------------------------------------
---------------------------------------------------------------------------------
Finished RTL Optimization Phase 1 : Time (s): cpu = 00:00:07 ; elapsed = 00:00:07 . Memory (MB): peak = 1396.234 ; gain = 588.152
---------------------------------------------------------------------------------
Netlist sorting complete. Time (s): cpu = 00:00:00 ; elapsed = 00:00:00.122 . Memory (MB): peak = 1396.234 ; gain = 0.000
INFO: [Project 1-570] Preparing netlist for logic optimization

Processing XDC Constraints
Initializing timing engine
Parsing XDC File [e:/ECE385/lab6_2.xpr/lab6_2/lab6_2.gen/sources_1/bd/mb_block/ip/mb_block_microblaze_0_0/mb_block_microblaze_0_0/mb_block_microblaze_0_0_in_context.xdc] for cell 'mb_block_i/microblaze_0'
Finished Parsing XDC File [e:/ECE385/lab6_2.xpr/lab6_2/lab6_2.gen/sources_1/bd/mb_block/ip/mb_block_microblaze_0_0/mb_block_microblaze_0_0/mb_block_microblaze_0_0_in_context.xdc] for cell 'mb_block_i/microblaze_0'
Parsing XDC File [e:/ECE385/lab6_2.xpr/lab6_2/lab6_2.gen/sources_1/bd/mb_block/ip/mb_block_dlmb_v10_0/mb_block_dlmb_v10_0/mb_block_ilmb_v10_0_in_context.xdc] for cell 'mb_block_i/microblaze_0_local_memory/dlmb_v10'
Finished Parsing XDC File [e:/ECE385/lab6_2.xpr/lab6_2/lab6_2.gen/sources_1/bd/mb_block/ip/mb_block_dlmb_v10_0/mb_block_dlmb_v10_0/mb_block_ilmb_v10_0_in_context.xdc] for cell 'mb_block_i/microblaze_0_local_memory/dlmb_v10'
Parsing XDC File [e:/ECE385/lab6_2.xpr/lab6_2/lab6_2.gen/sources_1/bd/mb_block/ip/mb_block_ilmb_v10_0/mb_block_ilmb_v10_0/mb_block_ilmb_v10_0_in_context.xdc] for cell 'mb_block_i/microblaze_0_local_memory/ilmb_v10'
Finished Parsing XDC File [e:/ECE385/lab6_2.xpr/lab6_2/lab6_2.gen/sources_1/bd/mb_block/ip/mb_block_ilmb_v10_0/mb_block_ilmb_v10_0/mb_block_ilmb_v10_0_in_context.xdc] for cell 'mb_block_i/microblaze_0_local_memory/ilmb_v10'
Parsing XDC File [e:/ECE385/lab6_2.xpr/lab6_2/lab6_2.gen/sources_1/bd/mb_block/ip/mb_block_dlmb_bram_if_cntlr_0/mb_block_dlmb_bram_if_cntlr_0/mb_block_dlmb_bram_if_cntlr_0_in_context.xdc] for cell 'mb_block_i/microblaze_0_local_memory/dlmb_bram_if_cntlr'
Finished Parsing XDC File [e:/ECE385/lab6_2.xpr/lab6_2/lab6_2.gen/sources_1/bd/mb_block/ip/mb_block_dlmb_bram_if_cntlr_0/mb_block_dlmb_bram_if_cntlr_0/mb_block_dlmb_bram_if_cntlr_0_in_context.xdc] for cell 'mb_block_i/microblaze_0_local_memory/dlmb_bram_if_cntlr'
Parsing XDC File [e:/ECE385/lab6_2.xpr/lab6_2/lab6_2.gen/sources_1/bd/mb_block/ip/mb_block_ilmb_bram_if_cntlr_0/mb_block_ilmb_bram_if_cntlr_0/mb_block_ilmb_bram_if_cntlr_0_in_context.xdc] for cell 'mb_block_i/microblaze_0_local_memory/ilmb_bram_if_cntlr'
Finished Parsing XDC File [e:/ECE385/lab6_2.xpr/lab6_2/lab6_2.gen/sources_1/bd/mb_block/ip/mb_block_ilmb_bram_if_cntlr_0/mb_block_ilmb_bram_if_cntlr_0/mb_block_ilmb_bram_if_cntlr_0_in_context.xdc] for cell 'mb_block_i/microblaze_0_local_memory/ilmb_bram_if_cntlr'
Parsing XDC File [e:/ECE385/lab6_2.xpr/lab6_2/lab6_2.gen/sources_1/bd/mb_block/ip/mb_block_lmb_bram_0/mb_block_lmb_bram_0/mb_block_lmb_bram_0_in_context.xdc] for cell 'mb_block_i/microblaze_0_local_memory/lmb_bram'
Finished Parsing XDC File [e:/ECE385/lab6_2.xpr/lab6_2/lab6_2.gen/sources_1/bd/mb_block/ip/mb_block_lmb_bram_0/mb_block_lmb_bram_0/mb_block_lmb_bram_0_in_context.xdc] for cell 'mb_block_i/microblaze_0_local_memory/lmb_bram'
Parsing XDC File [e:/ECE385/lab6_2.xpr/lab6_2/lab6_2.gen/sources_1/bd/mb_block/ip/mb_block_xbar_0/mb_block_xbar_0/mb_block_xbar_0_in_context.xdc] for cell 'mb_block_i/microblaze_0_axi_periph/xbar'
Finished Parsing XDC File [e:/ECE385/lab6_2.xpr/lab6_2/lab6_2.gen/sources_1/bd/mb_block/ip/mb_block_xbar_0/mb_block_xbar_0/mb_block_xbar_0_in_context.xdc] for cell 'mb_block_i/microblaze_0_axi_periph/xbar'
Parsing XDC File [e:/ECE385/lab6_2.xpr/lab6_2/lab6_2.gen/sources_1/bd/mb_block/ip/mb_block_microblaze_0_axi_intc_0/mb_block_microblaze_0_axi_intc_0/mb_block_microblaze_0_axi_intc_0_in_context.xdc] for cell 'mb_block_i/microblaze_0_axi_intc'
Finished Parsing XDC File [e:/ECE385/lab6_2.xpr/lab6_2/lab6_2.gen/sources_1/bd/mb_block/ip/mb_block_microblaze_0_axi_intc_0/mb_block_microblaze_0_axi_intc_0/mb_block_microblaze_0_axi_intc_0_in_context.xdc] for cell 'mb_block_i/microblaze_0_axi_intc'
Parsing XDC File [e:/ECE385/lab6_2.xpr/lab6_2/lab6_2.gen/sources_1/bd/mb_block/ip/mb_block_mdm_1_0/mb_block_mdm_1_0/mb_block_mdm_1_0_in_context.xdc] for cell 'mb_block_i/mdm_1'
Finished Parsing XDC File [e:/ECE385/lab6_2.xpr/lab6_2/lab6_2.gen/sources_1/bd/mb_block/ip/mb_block_mdm_1_0/mb_block_mdm_1_0/mb_block_mdm_1_0_in_context.xdc] for cell 'mb_block_i/mdm_1'
Parsing XDC File [e:/ECE385/lab6_2.xpr/lab6_2/lab6_2.gen/sources_1/bd/mb_block/ip/mb_block_clk_wiz_1_0/mb_block_clk_wiz_1_0/mb_block_clk_wiz_1_0_in_context.xdc] for cell 'mb_block_i/clk_wiz_1'
Finished Parsing XDC File [e:/ECE385/lab6_2.xpr/lab6_2/lab6_2.gen/sources_1/bd/mb_block/ip/mb_block_clk_wiz_1_0/mb_block_clk_wiz_1_0/mb_block_clk_wiz_1_0_in_context.xdc] for cell 'mb_block_i/clk_wiz_1'
Parsing XDC File [e:/ECE385/lab6_2.xpr/lab6_2/lab6_2.gen/sources_1/bd/mb_block/ip/mb_block_rst_clk_wiz_1_100M_0/mb_block_rst_clk_wiz_1_100M_0/mb_block_rst_clk_wiz_1_100M_0_in_context.xdc] for cell 'mb_block_i/rst_clk_wiz_1_100M'
Finished Parsing XDC File [e:/ECE385/lab6_2.xpr/lab6_2/lab6_2.gen/sources_1/bd/mb_block/ip/mb_block_rst_clk_wiz_1_100M_0/mb_block_rst_clk_wiz_1_100M_0/mb_block_rst_clk_wiz_1_100M_0_in_context.xdc] for cell 'mb_block_i/rst_clk_wiz_1_100M'
Parsing XDC File [e:/ECE385/lab6_2.xpr/lab6_2/lab6_2.gen/sources_1/bd/mb_block/ip/mb_block_axi_uartlite_0_0/mb_block_axi_uartlite_0_0/mb_block_axi_uartlite_0_0_in_context.xdc] for cell 'mb_block_i/axi_uartlite_0'
Finished Parsing XDC File [e:/ECE385/lab6_2.xpr/lab6_2/lab6_2.gen/sources_1/bd/mb_block/ip/mb_block_axi_uartlite_0_0/mb_block_axi_uartlite_0_0/mb_block_axi_uartlite_0_0_in_context.xdc] for cell 'mb_block_i/axi_uartlite_0'
Parsing XDC File [e:/ECE385/lab6_2.xpr/lab6_2/lab6_2.gen/sources_1/bd/mb_block/ip/mb_block_axi_gpio_0_1/mb_block_axi_gpio_0_1/mb_block_axi_gpio_0_1_in_context.xdc] for cell 'mb_block_i/gpio_usb_rst'
Finished Parsing XDC File [e:/ECE385/lab6_2.xpr/lab6_2/lab6_2.gen/sources_1/bd/mb_block/ip/mb_block_axi_gpio_0_1/mb_block_axi_gpio_0_1/mb_block_axi_gpio_0_1_in_context.xdc] for cell 'mb_block_i/gpio_usb_rst'
Parsing XDC File [e:/ECE385/lab6_2.xpr/lab6_2/lab6_2.gen/sources_1/bd/mb_block/ip/mb_block_axi_gpio_3_0/mb_block_axi_gpio_3_0/mb_block_axi_gpio_3_0_in_context.xdc] for cell 'mb_block_i/gpio_usb_int'
Finished Parsing XDC File [e:/ECE385/lab6_2.xpr/lab6_2/lab6_2.gen/sources_1/bd/mb_block/ip/mb_block_axi_gpio_3_0/mb_block_axi_gpio_3_0/mb_block_axi_gpio_3_0_in_context.xdc] for cell 'mb_block_i/gpio_usb_int'
Parsing XDC File [e:/ECE385/lab6_2.xpr/lab6_2/lab6_2.gen/sources_1/bd/mb_block/ip/mb_block_axi_gpio_4_0/mb_block_axi_gpio_4_0/mb_block_axi_gpio_4_0_in_context.xdc] for cell 'mb_block_i/gpio_usb_keycode'
Finished Parsing XDC File [e:/ECE385/lab6_2.xpr/lab6_2/lab6_2.gen/sources_1/bd/mb_block/ip/mb_block_axi_gpio_4_0/mb_block_axi_gpio_4_0/mb_block_axi_gpio_4_0_in_context.xdc] for cell 'mb_block_i/gpio_usb_keycode'
Parsing XDC File [e:/ECE385/lab6_2.xpr/lab6_2/lab6_2.gen/sources_1/bd/mb_block/ip/mb_block_axi_timer_0_0/mb_block_axi_timer_0_0/mb_block_axi_timer_0_0_in_context.xdc] for cell 'mb_block_i/timer_usb_axi'
Finished Parsing XDC File [e:/ECE385/lab6_2.xpr/lab6_2/lab6_2.gen/sources_1/bd/mb_block/ip/mb_block_axi_timer_0_0/mb_block_axi_timer_0_0/mb_block_axi_timer_0_0_in_context.xdc] for cell 'mb_block_i/timer_usb_axi'
Parsing XDC File [e:/ECE385/lab6_2.xpr/lab6_2/lab6_2.gen/sources_1/bd/mb_block/ip/mb_block_axi_quad_spi_0_0/mb_block_axi_quad_spi_0_0/mb_block_axi_quad_spi_0_0_in_context.xdc] for cell 'mb_block_i/spi_usb'
Finished Parsing XDC File [e:/ECE385/lab6_2.xpr/lab6_2/lab6_2.gen/sources_1/bd/mb_block/ip/mb_block_axi_quad_spi_0_0/mb_block_axi_quad_spi_0_0/mb_block_axi_quad_spi_0_0_in_context.xdc] for cell 'mb_block_i/spi_usb'
Parsing XDC File [e:/ECE385/lab6_2.xpr/lab6_2/lab6_2.gen/sources_1/ip/hdmi_tx_0/hdmi_tx_0/hdmi_tx_0_in_context.xdc] for cell 'vga_to_hdmi'
Finished Parsing XDC File [e:/ECE385/lab6_2.xpr/lab6_2/lab6_2.gen/sources_1/ip/hdmi_tx_0/hdmi_tx_0/hdmi_tx_0_in_context.xdc] for cell 'vga_to_hdmi'
Parsing XDC File [e:/ECE385/lab6_2.xpr/lab6_2/lab6_2.gen/sources_1/ip/clk_wiz_0/clk_wiz_0/clk_wiz_0_in_context.xdc] for cell 'clk_wiz'
WARNING: [Constraints 18-619] A clock with name 'Clk' already exists, overwriting the previous clock with the same name. [e:/ECE385/lab6_2.xpr/lab6_2/lab6_2.gen/sources_1/ip/clk_wiz_0/clk_wiz_0/clk_wiz_0_in_context.xdc:1]
Finished Parsing XDC File [e:/ECE385/lab6_2.xpr/lab6_2/lab6_2.gen/sources_1/ip/clk_wiz_0/clk_wiz_0/clk_wiz_0_in_context.xdc] for cell 'clk_wiz'
Parsing XDC File [E:/ECE385/lab6_2.xpr/lab6_2/lab6_2.srcs/constrs_1/imports/pin_assignment/mb_usb_hdmi_top.xdc]
CRITICAL WARNING: [Constraints 18-1056] Clock 'clk_100' completely overrides clock 'Clk'.
New: create_clock -period 10.000 -name clk_100 -waveform {0.000 5.000} [get_ports Clk], [E:/ECE385/lab6_2.xpr/lab6_2/lab6_2.srcs/constrs_1/imports/pin_assignment/mb_usb_hdmi_top.xdc:1]
Previous: create_clock -period 10.000 [get_ports Clk], [e:/ECE385/lab6_2.xpr/lab6_2/lab6_2.gen/sources_1/ip/clk_wiz_0/clk_wiz_0/clk_wiz_0_in_context.xdc:1]
Resolution: Review the constraint files and remove the redundant clock definition(s). If the clock constraints are not saved in a file, you can first save the constraints to an XDC file and reload the design once the constraints have been corrected.
Finished Parsing XDC File [E:/ECE385/lab6_2.xpr/lab6_2/lab6_2.srcs/constrs_1/imports/pin_assignment/mb_usb_hdmi_top.xdc]
INFO: [Project 1-236] Implementation specific constraints were found while reading constraint file [E:/ECE385/lab6_2.xpr/lab6_2/lab6_2.srcs/constrs_1/imports/pin_assignment/mb_usb_hdmi_top.xdc]. These constraints will be ignored for synthesis but will be used in implementation. Impacted constraints are listed in the file [.Xil/mb_usb_hdmi_top_propImpl.xdc].
Resolution: To avoid this warning, move constraints listed in [.Xil/mb_usb_hdmi_top_propImpl.xdc] to another XDC file and exclude this new file from synthesis with the used_in_synthesis property (File Properties dialog in GUI) and re-run elaboration/synthesis.
Parsing XDC File [E:/ECE385/lab6_2.xpr/lab6_2/lab6_2.runs/synth_1/dont_touch.xdc]
Finished Parsing XDC File [E:/ECE385/lab6_2.xpr/lab6_2/lab6_2.runs/synth_1/dont_touch.xdc]
Completed Processing XDC Constraints

Netlist sorting complete. Time (s): cpu = 00:00:00 ; elapsed = 00:00:00.001 . Memory (MB): peak = 1503.199 ; gain = 0.000
INFO: [Project 1-111] Unisim Transformation Summary:
No Unisim elements were transformed.

Constraint Validation Runtime : Time (s): cpu = 00:00:01 ; elapsed = 00:00:00.019 . Memory (MB): peak = 1503.199 ; gain = 0.000
WARNING: [Timing 38-316] Clock period '20.000' specified during out-of-context synthesis of instance 'mb_block_i/spi_usb' at clock pin 'ext_spi_clk' is different from the actual clock period '10.000', this can lead to different synthesis results.
WARNING: [Timing 38-316] Clock period '20.000' specified during out-of-context synthesis of instance 'mb_block_i/microblaze_0_local_memory/lmb_bram' at clock pin 'clka' is different from the actual clock period '10.000', this can lead to different synthesis results.
INFO: [Designutils 20-5440] No compile time benefit to using incremental synthesis; A full resynthesis will be run
INFO: [Designutils 20-4379] Flow is switching to default flow due to incremental criteria not met. If you would like to alter this behaviour and have the flow terminate instead, please set the following parameter config_implementation {autoIncr.Synth.RejectBehavior Terminate}
